[2024-03-18 10:36:28.690][--------------------------------][main][StartupInfoLogger.logStarting:50] INFO  Starting ProductServiceTest using Java 21.0.1 with PID 5300 (started by user in C:\Users\user\Desktop\study\spring-study\aop)
[2024-03-18 10:36:28.692][--------------------------------][main][StartupInfoLogger.logStarting:51] DEBUG Running with Spring Boot v3.2.2, Spring v6.1.3
[2024-03-18 10:36:28.692][--------------------------------][main][SpringApplication.logStartupProfileInfo:654] INFO  No active profile set, falling back to 1 default profile: "default"
[2024-03-18 10:36:29.971][--------------------------------][main][RepositoryConfigurationDelegate.multipleStoresDetected:292] INFO  Multiple Spring Data modules found, entering strict repository configuration mode
[2024-03-18 10:36:29.974][--------------------------------][main][RepositoryConfigurationDelegate.registerRepositoriesIn:139] INFO  Bootstrapping Spring Data Redis repositories in DEFAULT mode.
[2024-03-18 10:36:30.019][--------------------------------][main][RepositoryConfigurationDelegate.registerRepositoriesIn:208] INFO  Finished Spring Data repository scanning in 25 ms. Found 0 Redis repository interfaces.
[2024-03-18 10:36:31.454][--------------------------------][main][WelcomePageHandlerMapping.<init>:59] INFO  Adding welcome page: class path resource [static/index.html]
[2024-03-18 10:36:32.899][--------------------------------][main][StartupInfoLogger.logStarted:56] INFO  Started ProductServiceTest in 4.501 seconds (process running for 5.947)
[2024-03-18 10:36:32.899][--------------------------------][scheduling-1][KurentoConfig.kmsDownCheck:38] INFO  ======================= kms rewind =========================
[2024-03-18 10:36:32.924][--------------------------------][main][TestContextManager.prepareTestInstance:272] WARN  Caught exception while allowing TestExecutionListener [org.springframework.test.context.support.DependencyInjectionTestExecutionListener] to prepare test instance [aop.prototypes.redis.ProductServiceTest@1818390b]
org.springframework.beans.factory.UnsatisfiedDependencyException: Error creating bean with name 'aop.prototypes.redis.ProductServiceTest': Unsatisfied dependency expressed through field 'cacheManager': No qualifying bean of type 'org.springframework.cache.CacheManager' available: expected at least 1 bean which qualifies as autowire candidate. Dependency annotations: {@org.springframework.beans.factory.annotation.Autowired(required=true)}
	at org.springframework.beans.factory.annotation.AutowiredAnnotationBeanPostProcessor$AutowiredFieldElement.resolveFieldValue(AutowiredAnnotationBeanPostProcessor.java:787)
	at org.springframework.beans.factory.annotation.AutowiredAnnotationBeanPostProcessor$AutowiredFieldElement.inject(AutowiredAnnotationBeanPostProcessor.java:767)
	at org.springframework.beans.factory.annotation.InjectionMetadata.inject(InjectionMetadata.java:145)
	at org.springframework.beans.factory.annotation.AutowiredAnnotationBeanPostProcessor.postProcessProperties(AutowiredAnnotationBeanPostProcessor.java:508)
	at org.springframework.beans.factory.support.AbstractAutowireCapableBeanFactory.populateBean(AbstractAutowireCapableBeanFactory.java:1418)
	at org.springframework.beans.factory.support.AbstractAutowireCapableBeanFactory.autowireBeanProperties(AbstractAutowireCapableBeanFactory.java:397)
	at org.springframework.test.context.support.DependencyInjectionTestExecutionListener.injectDependencies(DependencyInjectionTestExecutionListener.java:143)
	at org.springframework.test.context.support.DependencyInjectionTestExecutionListener.prepareTestInstance(DependencyInjectionTestExecutionListener.java:98)
	at org.springframework.test.context.TestContextManager.prepareTestInstance(TestContextManager.java:260)
	at org.springframework.test.context.junit.jupiter.SpringExtension.postProcessTestInstance(SpringExtension.java:163)
	at org.junit.jupiter.engine.descriptor.ClassBasedTestDescriptor.lambda$invokeTestInstancePostProcessors$10(ClassBasedTestDescriptor.java:378)
	at org.junit.jupiter.engine.descriptor.ClassBasedTestDescriptor.executeAndMaskThrowable(ClassBasedTestDescriptor.java:383)
	at org.junit.jupiter.engine.descriptor.ClassBasedTestDescriptor.lambda$invokeTestInstancePostProcessors$11(ClassBasedTestDescriptor.java:378)
	at java.base/java.util.stream.ReferencePipeline$3$1.accept(ReferencePipeline.java:197)
	at java.base/java.util.stream.ReferencePipeline$2$1.accept(ReferencePipeline.java:179)
	at java.base/java.util.ArrayList$ArrayListSpliterator.forEachRemaining(ArrayList.java:1708)
	at java.base/java.util.stream.AbstractPipeline.copyInto(AbstractPipeline.java:509)
	at java.base/java.util.stream.AbstractPipeline.wrapAndCopyInto(AbstractPipeline.java:499)
	at java.base/java.util.stream.StreamSpliterators$WrappingSpliterator.forEachRemaining(StreamSpliterators.java:310)
	at java.base/java.util.stream.Streams$ConcatSpliterator.forEachRemaining(Streams.java:735)
	at java.base/java.util.stream.Streams$ConcatSpliterator.forEachRemaining(Streams.java:734)
	at java.base/java.util.stream.ReferencePipeline$Head.forEach(ReferencePipeline.java:762)
	at org.junit.jupiter.engine.descriptor.ClassBasedTestDescriptor.invokeTestInstancePostProcessors(ClassBasedTestDescriptor.java:377)
	at org.junit.jupiter.engine.descriptor.ClassBasedTestDescriptor.lambda$instantiateAndPostProcessTestInstance$6(ClassBasedTestDescriptor.java:290)
	at org.junit.platform.engine.support.hierarchical.ThrowableCollector.execute(ThrowableCollector.java:73)
	at org.junit.jupiter.engine.descriptor.ClassBasedTestDescriptor.instantiateAndPostProcessTestInstance(ClassBasedTestDescriptor.java:289)
	at org.junit.jupiter.engine.descriptor.ClassBasedTestDescriptor.lambda$testInstancesProvider$4(ClassBasedTestDescriptor.java:279)
	at java.base/java.util.Optional.orElseGet(Optional.java:364)
	at org.junit.jupiter.engine.descriptor.ClassBasedTestDescriptor.lambda$testInstancesProvider$5(ClassBasedTestDescriptor.java:278)
	at org.junit.jupiter.engine.execution.TestInstancesProvider.getTestInstances(TestInstancesProvider.java:31)
	at org.junit.jupiter.engine.descriptor.TestMethodTestDescriptor.lambda$prepare$0(TestMethodTestDescriptor.java:106)
	at org.junit.platform.engine.support.hierarchical.ThrowableCollector.execute(ThrowableCollector.java:73)
	at org.junit.jupiter.engine.descriptor.TestMethodTestDescriptor.prepare(TestMethodTestDescriptor.java:105)
	at org.junit.jupiter.engine.descriptor.TestMethodTestDescriptor.prepare(TestMethodTestDescriptor.java:69)
	at org.junit.platform.engine.support.hierarchical.NodeTestTask.lambda$prepare$2(NodeTestTask.java:123)
	at org.junit.platform.engine.support.hierarchical.ThrowableCollector.execute(ThrowableCollector.java:73)
	at org.junit.platform.engine.support.hierarchical.NodeTestTask.prepare(NodeTestTask.java:123)
	at org.junit.platform.engine.support.hierarchical.NodeTestTask.execute(NodeTestTask.java:90)
	at java.base/java.util.ArrayList.forEach(ArrayList.java:1596)
	at org.junit.platform.engine.support.hierarchical.SameThreadHierarchicalTestExecutorService.invokeAll(SameThreadHierarchicalTestExecutorService.java:41)
	at org.junit.platform.engine.support.hierarchical.NodeTestTask.lambda$executeRecursively$6(NodeTestTask.java:155)
	at org.junit.platform.engine.support.hierarchical.ThrowableCollector.execute(ThrowableCollector.java:73)
	at org.junit.platform.engine.support.hierarchical.NodeTestTask.lambda$executeRecursively$8(NodeTestTask.java:141)
	at org.junit.platform.engine.support.hierarchical.Node.around(Node.java:137)
	at org.junit.platform.engine.support.hierarchical.NodeTestTask.lambda$executeRecursively$9(NodeTestTask.java:139)
	at org.junit.platform.engine.support.hierarchical.ThrowableCollector.execute(ThrowableCollector.java:73)
	at org.junit.platform.engine.support.hierarchical.NodeTestTask.executeRecursively(NodeTestTask.java:138)
	at org.junit.platform.engine.support.hierarchical.NodeTestTask.execute(NodeTestTask.java:95)
	at java.base/java.util.ArrayList.forEach(ArrayList.java:1596)
	at org.junit.platform.engine.support.hierarchical.SameThreadHierarchicalTestExecutorService.invokeAll(SameThreadHierarchicalTestExecutorService.java:41)
	at org.junit.platform.engine.support.hierarchical.NodeTestTask.lambda$executeRecursively$6(NodeTestTask.java:155)
	at org.junit.platform.engine.support.hierarchical.ThrowableCollector.execute(ThrowableCollector.java:73)
	at org.junit.platform.engine.support.hierarchical.NodeTestTask.lambda$executeRecursively$8(NodeTestTask.java:141)
	at org.junit.platform.engine.support.hierarchical.Node.around(Node.java:137)
	at org.junit.platform.engine.support.hierarchical.NodeTestTask.lambda$executeRecursively$9(NodeTestTask.java:139)
	at org.junit.platform.engine.support.hierarchical.ThrowableCollector.execute(ThrowableCollector.java:73)
	at org.junit.platform.engine.support.hierarchical.NodeTestTask.executeRecursively(NodeTestTask.java:138)
	at org.junit.platform.engine.support.hierarchical.NodeTestTask.execute(NodeTestTask.java:95)
	at org.junit.platform.engine.support.hierarchical.SameThreadHierarchicalTestExecutorService.submit(SameThreadHierarchicalTestExecutorService.java:35)
	at org.junit.platform.engine.support.hierarchical.HierarchicalTestExecutor.execute(HierarchicalTestExecutor.java:57)
	at org.junit.platform.engine.support.hierarchical.HierarchicalTestEngine.execute(HierarchicalTestEngine.java:54)
	at org.junit.platform.launcher.core.EngineExecutionOrchestrator.execute(EngineExecutionOrchestrator.java:198)
	at org.junit.platform.launcher.core.EngineExecutionOrchestrator.execute(EngineExecutionOrchestrator.java:169)
	at org.junit.platform.launcher.core.EngineExecutionOrchestrator.execute(EngineExecutionOrchestrator.java:93)
	at org.junit.platform.launcher.core.EngineExecutionOrchestrator.lambda$execute$0(EngineExecutionOrchestrator.java:58)
	at org.junit.platform.launcher.core.EngineExecutionOrchestrator.withInterceptedStreams(EngineExecutionOrchestrator.java:141)
	at org.junit.platform.launcher.core.EngineExecutionOrchestrator.execute(EngineExecutionOrchestrator.java:57)
	at org.junit.platform.launcher.core.DefaultLauncher.execute(DefaultLauncher.java:103)
	at org.junit.platform.launcher.core.DefaultLauncher.execute(DefaultLauncher.java:85)
	at org.junit.platform.launcher.core.DelegatingLauncher.execute(DelegatingLauncher.java:47)
	at org.junit.platform.launcher.core.SessionPerRequestLauncher.execute(SessionPerRequestLauncher.java:63)
	at com.intellij.junit5.JUnit5IdeaTestRunner.startRunnerWithArgs(JUnit5IdeaTestRunner.java:57)
	at com.intellij.rt.junit.IdeaTestRunner$Repeater$1.execute(IdeaTestRunner.java:38)
	at com.intellij.rt.execution.junit.TestsRepeater.repeat(TestsRepeater.java:11)
	at com.intellij.rt.junit.IdeaTestRunner$Repeater.startRunnerWithArgs(IdeaTestRunner.java:35)
	at com.intellij.rt.junit.JUnitStarter.prepareStreamsAndStart(JUnitStarter.java:232)
	at com.intellij.rt.junit.JUnitStarter.main(JUnitStarter.java:55)
Caused by: org.springframework.beans.factory.NoSuchBeanDefinitionException: No qualifying bean of type 'org.springframework.cache.CacheManager' available: expected at least 1 bean which qualifies as autowire candidate. Dependency annotations: {@org.springframework.beans.factory.annotation.Autowired(required=true)}
	at org.springframework.beans.factory.support.DefaultListableBeanFactory.raiseNoMatchingBeanFound(DefaultListableBeanFactory.java:1880)
	at org.springframework.beans.factory.support.DefaultListableBeanFactory.doResolveDependency(DefaultListableBeanFactory.java:1406)
	at org.springframework.beans.factory.support.DefaultListableBeanFactory.resolveDependency(DefaultListableBeanFactory.java:1353)
	at org.springframework.beans.factory.annotation.AutowiredAnnotationBeanPostProcessor$AutowiredFieldElement.resolveFieldValue(AutowiredAnnotationBeanPostProcessor.java:784)
	... 76 common frames omitted
[2024-03-18 10:41:11.829][--------------------------------][main][StartupInfoLogger.logStarting:50] INFO  Starting ProductServiceTest using Java 21.0.1 with PID 14472 (started by user in C:\Users\user\Desktop\study\spring-study\aop)
[2024-03-18 10:41:11.831][--------------------------------][main][StartupInfoLogger.logStarting:51] DEBUG Running with Spring Boot v3.2.2, Spring v6.1.3
[2024-03-18 10:41:11.832][--------------------------------][main][SpringApplication.logStartupProfileInfo:654] INFO  No active profile set, falling back to 1 default profile: "default"
[2024-03-18 10:41:12.963][--------------------------------][main][RepositoryConfigurationDelegate.multipleStoresDetected:292] INFO  Multiple Spring Data modules found, entering strict repository configuration mode
[2024-03-18 10:41:12.965][--------------------------------][main][RepositoryConfigurationDelegate.registerRepositoriesIn:139] INFO  Bootstrapping Spring Data Redis repositories in DEFAULT mode.
[2024-03-18 10:41:13.002][--------------------------------][main][RepositoryConfigurationDelegate.registerRepositoriesIn:208] INFO  Finished Spring Data repository scanning in 23 ms. Found 0 Redis repository interfaces.
[2024-03-18 10:41:14.160][--------------------------------][main][WelcomePageHandlerMapping.<init>:59] INFO  Adding welcome page: class path resource [static/index.html]
[2024-03-18 10:41:15.348][--------------------------------][scheduling-1][KurentoConfig.kmsDownCheck:38] INFO  ======================= kms rewind =========================
[2024-03-18 10:41:15.350][--------------------------------][main][StartupInfoLogger.logStarted:56] INFO  Started ProductServiceTest in 3.84 seconds (process running for 4.772)
[2024-03-18 10:41:15.373][--------------------------------][main][TestContextManager.prepareTestInstance:272] WARN  Caught exception while allowing TestExecutionListener [org.springframework.test.context.support.DependencyInjectionTestExecutionListener] to prepare test instance [aop.prototypes.redis.ProductServiceTest@33356666]
org.springframework.beans.factory.UnsatisfiedDependencyException: Error creating bean with name 'aop.prototypes.redis.ProductServiceTest': Unsatisfied dependency expressed through field 'cacheManager': No qualifying bean of type 'org.springframework.cache.CacheManager' available: expected at least 1 bean which qualifies as autowire candidate. Dependency annotations: {@org.springframework.beans.factory.annotation.Autowired(required=true)}
	at org.springframework.beans.factory.annotation.AutowiredAnnotationBeanPostProcessor$AutowiredFieldElement.resolveFieldValue(AutowiredAnnotationBeanPostProcessor.java:787)
	at org.springframework.beans.factory.annotation.AutowiredAnnotationBeanPostProcessor$AutowiredFieldElement.inject(AutowiredAnnotationBeanPostProcessor.java:767)
	at org.springframework.beans.factory.annotation.InjectionMetadata.inject(InjectionMetadata.java:145)
	at org.springframework.beans.factory.annotation.AutowiredAnnotationBeanPostProcessor.postProcessProperties(AutowiredAnnotationBeanPostProcessor.java:508)
	at org.springframework.beans.factory.support.AbstractAutowireCapableBeanFactory.populateBean(AbstractAutowireCapableBeanFactory.java:1418)
	at org.springframework.beans.factory.support.AbstractAutowireCapableBeanFactory.autowireBeanProperties(AbstractAutowireCapableBeanFactory.java:397)
	at org.springframework.test.context.support.DependencyInjectionTestExecutionListener.injectDependencies(DependencyInjectionTestExecutionListener.java:143)
	at org.springframework.test.context.support.DependencyInjectionTestExecutionListener.prepareTestInstance(DependencyInjectionTestExecutionListener.java:98)
	at org.springframework.test.context.TestContextManager.prepareTestInstance(TestContextManager.java:260)
	at org.springframework.test.context.junit.jupiter.SpringExtension.postProcessTestInstance(SpringExtension.java:163)
	at org.junit.jupiter.engine.descriptor.ClassBasedTestDescriptor.lambda$invokeTestInstancePostProcessors$10(ClassBasedTestDescriptor.java:378)
	at org.junit.jupiter.engine.descriptor.ClassBasedTestDescriptor.executeAndMaskThrowable(ClassBasedTestDescriptor.java:383)
	at org.junit.jupiter.engine.descriptor.ClassBasedTestDescriptor.lambda$invokeTestInstancePostProcessors$11(ClassBasedTestDescriptor.java:378)
	at java.base/java.util.stream.ReferencePipeline$3$1.accept(ReferencePipeline.java:197)
	at java.base/java.util.stream.ReferencePipeline$2$1.accept(ReferencePipeline.java:179)
	at java.base/java.util.ArrayList$ArrayListSpliterator.forEachRemaining(ArrayList.java:1708)
	at java.base/java.util.stream.AbstractPipeline.copyInto(AbstractPipeline.java:509)
	at java.base/java.util.stream.AbstractPipeline.wrapAndCopyInto(AbstractPipeline.java:499)
	at java.base/java.util.stream.StreamSpliterators$WrappingSpliterator.forEachRemaining(StreamSpliterators.java:310)
	at java.base/java.util.stream.Streams$ConcatSpliterator.forEachRemaining(Streams.java:735)
	at java.base/java.util.stream.Streams$ConcatSpliterator.forEachRemaining(Streams.java:734)
	at java.base/java.util.stream.ReferencePipeline$Head.forEach(ReferencePipeline.java:762)
	at org.junit.jupiter.engine.descriptor.ClassBasedTestDescriptor.invokeTestInstancePostProcessors(ClassBasedTestDescriptor.java:377)
	at org.junit.jupiter.engine.descriptor.ClassBasedTestDescriptor.lambda$instantiateAndPostProcessTestInstance$6(ClassBasedTestDescriptor.java:290)
	at org.junit.platform.engine.support.hierarchical.ThrowableCollector.execute(ThrowableCollector.java:73)
	at org.junit.jupiter.engine.descriptor.ClassBasedTestDescriptor.instantiateAndPostProcessTestInstance(ClassBasedTestDescriptor.java:289)
	at org.junit.jupiter.engine.descriptor.ClassBasedTestDescriptor.lambda$testInstancesProvider$4(ClassBasedTestDescriptor.java:279)
	at java.base/java.util.Optional.orElseGet(Optional.java:364)
	at org.junit.jupiter.engine.descriptor.ClassBasedTestDescriptor.lambda$testInstancesProvider$5(ClassBasedTestDescriptor.java:278)
	at org.junit.jupiter.engine.execution.TestInstancesProvider.getTestInstances(TestInstancesProvider.java:31)
	at org.junit.jupiter.engine.descriptor.TestMethodTestDescriptor.lambda$prepare$0(TestMethodTestDescriptor.java:106)
	at org.junit.platform.engine.support.hierarchical.ThrowableCollector.execute(ThrowableCollector.java:73)
	at org.junit.jupiter.engine.descriptor.TestMethodTestDescriptor.prepare(TestMethodTestDescriptor.java:105)
	at org.junit.jupiter.engine.descriptor.TestMethodTestDescriptor.prepare(TestMethodTestDescriptor.java:69)
	at org.junit.platform.engine.support.hierarchical.NodeTestTask.lambda$prepare$2(NodeTestTask.java:123)
	at org.junit.platform.engine.support.hierarchical.ThrowableCollector.execute(ThrowableCollector.java:73)
	at org.junit.platform.engine.support.hierarchical.NodeTestTask.prepare(NodeTestTask.java:123)
	at org.junit.platform.engine.support.hierarchical.NodeTestTask.execute(NodeTestTask.java:90)
	at java.base/java.util.ArrayList.forEach(ArrayList.java:1596)
	at org.junit.platform.engine.support.hierarchical.SameThreadHierarchicalTestExecutorService.invokeAll(SameThreadHierarchicalTestExecutorService.java:41)
	at org.junit.platform.engine.support.hierarchical.NodeTestTask.lambda$executeRecursively$6(NodeTestTask.java:155)
	at org.junit.platform.engine.support.hierarchical.ThrowableCollector.execute(ThrowableCollector.java:73)
	at org.junit.platform.engine.support.hierarchical.NodeTestTask.lambda$executeRecursively$8(NodeTestTask.java:141)
	at org.junit.platform.engine.support.hierarchical.Node.around(Node.java:137)
	at org.junit.platform.engine.support.hierarchical.NodeTestTask.lambda$executeRecursively$9(NodeTestTask.java:139)
	at org.junit.platform.engine.support.hierarchical.ThrowableCollector.execute(ThrowableCollector.java:73)
	at org.junit.platform.engine.support.hierarchical.NodeTestTask.executeRecursively(NodeTestTask.java:138)
	at org.junit.platform.engine.support.hierarchical.NodeTestTask.execute(NodeTestTask.java:95)
	at java.base/java.util.ArrayList.forEach(ArrayList.java:1596)
	at org.junit.platform.engine.support.hierarchical.SameThreadHierarchicalTestExecutorService.invokeAll(SameThreadHierarchicalTestExecutorService.java:41)
	at org.junit.platform.engine.support.hierarchical.NodeTestTask.lambda$executeRecursively$6(NodeTestTask.java:155)
	at org.junit.platform.engine.support.hierarchical.ThrowableCollector.execute(ThrowableCollector.java:73)
	at org.junit.platform.engine.support.hierarchical.NodeTestTask.lambda$executeRecursively$8(NodeTestTask.java:141)
	at org.junit.platform.engine.support.hierarchical.Node.around(Node.java:137)
	at org.junit.platform.engine.support.hierarchical.NodeTestTask.lambda$executeRecursively$9(NodeTestTask.java:139)
	at org.junit.platform.engine.support.hierarchical.ThrowableCollector.execute(ThrowableCollector.java:73)
	at org.junit.platform.engine.support.hierarchical.NodeTestTask.executeRecursively(NodeTestTask.java:138)
	at org.junit.platform.engine.support.hierarchical.NodeTestTask.execute(NodeTestTask.java:95)
	at org.junit.platform.engine.support.hierarchical.SameThreadHierarchicalTestExecutorService.submit(SameThreadHierarchicalTestExecutorService.java:35)
	at org.junit.platform.engine.support.hierarchical.HierarchicalTestExecutor.execute(HierarchicalTestExecutor.java:57)
	at org.junit.platform.engine.support.hierarchical.HierarchicalTestEngine.execute(HierarchicalTestEngine.java:54)
	at org.junit.platform.launcher.core.EngineExecutionOrchestrator.execute(EngineExecutionOrchestrator.java:198)
	at org.junit.platform.launcher.core.EngineExecutionOrchestrator.execute(EngineExecutionOrchestrator.java:169)
	at org.junit.platform.launcher.core.EngineExecutionOrchestrator.execute(EngineExecutionOrchestrator.java:93)
	at org.junit.platform.launcher.core.EngineExecutionOrchestrator.lambda$execute$0(EngineExecutionOrchestrator.java:58)
	at org.junit.platform.launcher.core.EngineExecutionOrchestrator.withInterceptedStreams(EngineExecutionOrchestrator.java:141)
	at org.junit.platform.launcher.core.EngineExecutionOrchestrator.execute(EngineExecutionOrchestrator.java:57)
	at org.junit.platform.launcher.core.DefaultLauncher.execute(DefaultLauncher.java:103)
	at org.junit.platform.launcher.core.DefaultLauncher.execute(DefaultLauncher.java:85)
	at org.junit.platform.launcher.core.DelegatingLauncher.execute(DelegatingLauncher.java:47)
	at org.junit.platform.launcher.core.SessionPerRequestLauncher.execute(SessionPerRequestLauncher.java:63)
	at com.intellij.junit5.JUnit5IdeaTestRunner.startRunnerWithArgs(JUnit5IdeaTestRunner.java:57)
	at com.intellij.rt.junit.IdeaTestRunner$Repeater$1.execute(IdeaTestRunner.java:38)
	at com.intellij.rt.execution.junit.TestsRepeater.repeat(TestsRepeater.java:11)
	at com.intellij.rt.junit.IdeaTestRunner$Repeater.startRunnerWithArgs(IdeaTestRunner.java:35)
	at com.intellij.rt.junit.JUnitStarter.prepareStreamsAndStart(JUnitStarter.java:232)
	at com.intellij.rt.junit.JUnitStarter.main(JUnitStarter.java:55)
Caused by: org.springframework.beans.factory.NoSuchBeanDefinitionException: No qualifying bean of type 'org.springframework.cache.CacheManager' available: expected at least 1 bean which qualifies as autowire candidate. Dependency annotations: {@org.springframework.beans.factory.annotation.Autowired(required=true)}
	at org.springframework.beans.factory.support.DefaultListableBeanFactory.raiseNoMatchingBeanFound(DefaultListableBeanFactory.java:1880)
	at org.springframework.beans.factory.support.DefaultListableBeanFactory.doResolveDependency(DefaultListableBeanFactory.java:1406)
	at org.springframework.beans.factory.support.DefaultListableBeanFactory.resolveDependency(DefaultListableBeanFactory.java:1353)
	at org.springframework.beans.factory.annotation.AutowiredAnnotationBeanPostProcessor$AutowiredFieldElement.resolveFieldValue(AutowiredAnnotationBeanPostProcessor.java:784)
	... 76 common frames omitted
[2024-03-18 10:52:15.257][--------------------------------][main][StartupInfoLogger.logStarting:50] INFO  Starting ProductServiceTest using Java 21.0.1 with PID 25872 (started by user in C:\Users\user\Desktop\study\spring-study\aop)
[2024-03-18 10:52:15.259][--------------------------------][main][StartupInfoLogger.logStarting:51] DEBUG Running with Spring Boot v3.2.2, Spring v6.1.3
[2024-03-18 10:52:15.260][--------------------------------][main][SpringApplication.logStartupProfileInfo:654] INFO  No active profile set, falling back to 1 default profile: "default"
[2024-03-18 10:52:16.109][--------------------------------][main][RepositoryConfigurationDelegate.multipleStoresDetected:292] INFO  Multiple Spring Data modules found, entering strict repository configuration mode
[2024-03-18 10:52:16.112][--------------------------------][main][RepositoryConfigurationDelegate.registerRepositoriesIn:139] INFO  Bootstrapping Spring Data Redis repositories in DEFAULT mode.
[2024-03-18 10:52:16.156][--------------------------------][main][RepositoryConfigurationDelegate.registerRepositoriesIn:208] INFO  Finished Spring Data repository scanning in 30 ms. Found 0 Redis repository interfaces.
[2024-03-18 10:52:17.178][--------------------------------][main][WelcomePageHandlerMapping.<init>:59] INFO  Adding welcome page: class path resource [static/index.html]
[2024-03-18 10:52:18.320][--------------------------------][scheduling-1][KurentoConfig.kmsDownCheck:38] INFO  ======================= kms rewind =========================
[2024-03-18 10:52:18.322][--------------------------------][main][StartupInfoLogger.logStarted:56] INFO  Started ProductServiceTest in 3.386 seconds (process running for 4.225)
[2024-03-18 10:52:18.345][--------------------------------][main][TestContextManager.prepareTestInstance:272] WARN  Caught exception while allowing TestExecutionListener [org.springframework.test.context.support.DependencyInjectionTestExecutionListener] to prepare test instance [aop.prototypes.redis.ProductServiceTest@28e91f6d]
org.springframework.beans.factory.UnsatisfiedDependencyException: Error creating bean with name 'aop.prototypes.redis.ProductServiceTest': Unsatisfied dependency expressed through field 'cacheManager': No qualifying bean of type 'org.springframework.cache.CacheManager' available: expected at least 1 bean which qualifies as autowire candidate. Dependency annotations: {@org.springframework.beans.factory.annotation.Autowired(required=true)}
	at org.springframework.beans.factory.annotation.AutowiredAnnotationBeanPostProcessor$AutowiredFieldElement.resolveFieldValue(AutowiredAnnotationBeanPostProcessor.java:787)
	at org.springframework.beans.factory.annotation.AutowiredAnnotationBeanPostProcessor$AutowiredFieldElement.inject(AutowiredAnnotationBeanPostProcessor.java:767)
	at org.springframework.beans.factory.annotation.InjectionMetadata.inject(InjectionMetadata.java:145)
	at org.springframework.beans.factory.annotation.AutowiredAnnotationBeanPostProcessor.postProcessProperties(AutowiredAnnotationBeanPostProcessor.java:508)
	at org.springframework.beans.factory.support.AbstractAutowireCapableBeanFactory.populateBean(AbstractAutowireCapableBeanFactory.java:1418)
	at org.springframework.beans.factory.support.AbstractAutowireCapableBeanFactory.autowireBeanProperties(AbstractAutowireCapableBeanFactory.java:397)
	at org.springframework.test.context.support.DependencyInjectionTestExecutionListener.injectDependencies(DependencyInjectionTestExecutionListener.java:143)
	at org.springframework.test.context.support.DependencyInjectionTestExecutionListener.prepareTestInstance(DependencyInjectionTestExecutionListener.java:98)
	at org.springframework.test.context.TestContextManager.prepareTestInstance(TestContextManager.java:260)
	at org.springframework.test.context.junit.jupiter.SpringExtension.postProcessTestInstance(SpringExtension.java:163)
	at org.junit.jupiter.engine.descriptor.ClassBasedTestDescriptor.lambda$invokeTestInstancePostProcessors$10(ClassBasedTestDescriptor.java:378)
	at org.junit.jupiter.engine.descriptor.ClassBasedTestDescriptor.executeAndMaskThrowable(ClassBasedTestDescriptor.java:383)
	at org.junit.jupiter.engine.descriptor.ClassBasedTestDescriptor.lambda$invokeTestInstancePostProcessors$11(ClassBasedTestDescriptor.java:378)
	at java.base/java.util.stream.ReferencePipeline$3$1.accept(ReferencePipeline.java:197)
	at java.base/java.util.stream.ReferencePipeline$2$1.accept(ReferencePipeline.java:179)
	at java.base/java.util.ArrayList$ArrayListSpliterator.forEachRemaining(ArrayList.java:1708)
	at java.base/java.util.stream.AbstractPipeline.copyInto(AbstractPipeline.java:509)
	at java.base/java.util.stream.AbstractPipeline.wrapAndCopyInto(AbstractPipeline.java:499)
	at java.base/java.util.stream.StreamSpliterators$WrappingSpliterator.forEachRemaining(StreamSpliterators.java:310)
	at java.base/java.util.stream.Streams$ConcatSpliterator.forEachRemaining(Streams.java:735)
	at java.base/java.util.stream.Streams$ConcatSpliterator.forEachRemaining(Streams.java:734)
	at java.base/java.util.stream.ReferencePipeline$Head.forEach(ReferencePipeline.java:762)
	at org.junit.jupiter.engine.descriptor.ClassBasedTestDescriptor.invokeTestInstancePostProcessors(ClassBasedTestDescriptor.java:377)
	at org.junit.jupiter.engine.descriptor.ClassBasedTestDescriptor.lambda$instantiateAndPostProcessTestInstance$6(ClassBasedTestDescriptor.java:290)
	at org.junit.platform.engine.support.hierarchical.ThrowableCollector.execute(ThrowableCollector.java:73)
	at org.junit.jupiter.engine.descriptor.ClassBasedTestDescriptor.instantiateAndPostProcessTestInstance(ClassBasedTestDescriptor.java:289)
	at org.junit.jupiter.engine.descriptor.ClassBasedTestDescriptor.lambda$testInstancesProvider$4(ClassBasedTestDescriptor.java:279)
	at java.base/java.util.Optional.orElseGet(Optional.java:364)
	at org.junit.jupiter.engine.descriptor.ClassBasedTestDescriptor.lambda$testInstancesProvider$5(ClassBasedTestDescriptor.java:278)
	at org.junit.jupiter.engine.execution.TestInstancesProvider.getTestInstances(TestInstancesProvider.java:31)
	at org.junit.jupiter.engine.descriptor.TestMethodTestDescriptor.lambda$prepare$0(TestMethodTestDescriptor.java:106)
	at org.junit.platform.engine.support.hierarchical.ThrowableCollector.execute(ThrowableCollector.java:73)
	at org.junit.jupiter.engine.descriptor.TestMethodTestDescriptor.prepare(TestMethodTestDescriptor.java:105)
	at org.junit.jupiter.engine.descriptor.TestMethodTestDescriptor.prepare(TestMethodTestDescriptor.java:69)
	at org.junit.platform.engine.support.hierarchical.NodeTestTask.lambda$prepare$2(NodeTestTask.java:123)
	at org.junit.platform.engine.support.hierarchical.ThrowableCollector.execute(ThrowableCollector.java:73)
	at org.junit.platform.engine.support.hierarchical.NodeTestTask.prepare(NodeTestTask.java:123)
	at org.junit.platform.engine.support.hierarchical.NodeTestTask.execute(NodeTestTask.java:90)
	at java.base/java.util.ArrayList.forEach(ArrayList.java:1596)
	at org.junit.platform.engine.support.hierarchical.SameThreadHierarchicalTestExecutorService.invokeAll(SameThreadHierarchicalTestExecutorService.java:41)
	at org.junit.platform.engine.support.hierarchical.NodeTestTask.lambda$executeRecursively$6(NodeTestTask.java:155)
	at org.junit.platform.engine.support.hierarchical.ThrowableCollector.execute(ThrowableCollector.java:73)
	at org.junit.platform.engine.support.hierarchical.NodeTestTask.lambda$executeRecursively$8(NodeTestTask.java:141)
	at org.junit.platform.engine.support.hierarchical.Node.around(Node.java:137)
	at org.junit.platform.engine.support.hierarchical.NodeTestTask.lambda$executeRecursively$9(NodeTestTask.java:139)
	at org.junit.platform.engine.support.hierarchical.ThrowableCollector.execute(ThrowableCollector.java:73)
	at org.junit.platform.engine.support.hierarchical.NodeTestTask.executeRecursively(NodeTestTask.java:138)
	at org.junit.platform.engine.support.hierarchical.NodeTestTask.execute(NodeTestTask.java:95)
	at java.base/java.util.ArrayList.forEach(ArrayList.java:1596)
	at org.junit.platform.engine.support.hierarchical.SameThreadHierarchicalTestExecutorService.invokeAll(SameThreadHierarchicalTestExecutorService.java:41)
	at org.junit.platform.engine.support.hierarchical.NodeTestTask.lambda$executeRecursively$6(NodeTestTask.java:155)
	at org.junit.platform.engine.support.hierarchical.ThrowableCollector.execute(ThrowableCollector.java:73)
	at org.junit.platform.engine.support.hierarchical.NodeTestTask.lambda$executeRecursively$8(NodeTestTask.java:141)
	at org.junit.platform.engine.support.hierarchical.Node.around(Node.java:137)
	at org.junit.platform.engine.support.hierarchical.NodeTestTask.lambda$executeRecursively$9(NodeTestTask.java:139)
	at org.junit.platform.engine.support.hierarchical.ThrowableCollector.execute(ThrowableCollector.java:73)
	at org.junit.platform.engine.support.hierarchical.NodeTestTask.executeRecursively(NodeTestTask.java:138)
	at org.junit.platform.engine.support.hierarchical.NodeTestTask.execute(NodeTestTask.java:95)
	at org.junit.platform.engine.support.hierarchical.SameThreadHierarchicalTestExecutorService.submit(SameThreadHierarchicalTestExecutorService.java:35)
	at org.junit.platform.engine.support.hierarchical.HierarchicalTestExecutor.execute(HierarchicalTestExecutor.java:57)
	at org.junit.platform.engine.support.hierarchical.HierarchicalTestEngine.execute(HierarchicalTestEngine.java:54)
	at org.junit.platform.launcher.core.EngineExecutionOrchestrator.execute(EngineExecutionOrchestrator.java:198)
	at org.junit.platform.launcher.core.EngineExecutionOrchestrator.execute(EngineExecutionOrchestrator.java:169)
	at org.junit.platform.launcher.core.EngineExecutionOrchestrator.execute(EngineExecutionOrchestrator.java:93)
	at org.junit.platform.launcher.core.EngineExecutionOrchestrator.lambda$execute$0(EngineExecutionOrchestrator.java:58)
	at org.junit.platform.launcher.core.EngineExecutionOrchestrator.withInterceptedStreams(EngineExecutionOrchestrator.java:141)
	at org.junit.platform.launcher.core.EngineExecutionOrchestrator.execute(EngineExecutionOrchestrator.java:57)
	at org.junit.platform.launcher.core.DefaultLauncher.execute(DefaultLauncher.java:103)
	at org.junit.platform.launcher.core.DefaultLauncher.execute(DefaultLauncher.java:85)
	at org.junit.platform.launcher.core.DelegatingLauncher.execute(DelegatingLauncher.java:47)
	at org.junit.platform.launcher.core.SessionPerRequestLauncher.execute(SessionPerRequestLauncher.java:63)
	at com.intellij.junit5.JUnit5IdeaTestRunner.startRunnerWithArgs(JUnit5IdeaTestRunner.java:57)
	at com.intellij.rt.junit.IdeaTestRunner$Repeater$1.execute(IdeaTestRunner.java:38)
	at com.intellij.rt.execution.junit.TestsRepeater.repeat(TestsRepeater.java:11)
	at com.intellij.rt.junit.IdeaTestRunner$Repeater.startRunnerWithArgs(IdeaTestRunner.java:35)
	at com.intellij.rt.junit.JUnitStarter.prepareStreamsAndStart(JUnitStarter.java:232)
	at com.intellij.rt.junit.JUnitStarter.main(JUnitStarter.java:55)
Caused by: org.springframework.beans.factory.NoSuchBeanDefinitionException: No qualifying bean of type 'org.springframework.cache.CacheManager' available: expected at least 1 bean which qualifies as autowire candidate. Dependency annotations: {@org.springframework.beans.factory.annotation.Autowired(required=true)}
	at org.springframework.beans.factory.support.DefaultListableBeanFactory.raiseNoMatchingBeanFound(DefaultListableBeanFactory.java:1880)
	at org.springframework.beans.factory.support.DefaultListableBeanFactory.doResolveDependency(DefaultListableBeanFactory.java:1406)
	at org.springframework.beans.factory.support.DefaultListableBeanFactory.resolveDependency(DefaultListableBeanFactory.java:1353)
	at org.springframework.beans.factory.annotation.AutowiredAnnotationBeanPostProcessor$AutowiredFieldElement.resolveFieldValue(AutowiredAnnotationBeanPostProcessor.java:784)
	... 76 common frames omitted
[2024-03-18 10:54:06.311][--------------------------------][main][StartupInfoLogger.logStarting:50] INFO  Starting ProductServiceTest using Java 21.0.1 with PID 5184 (started by user in C:\Users\user\Desktop\study\spring-study\aop)
[2024-03-18 10:54:06.312][--------------------------------][main][StartupInfoLogger.logStarting:51] DEBUG Running with Spring Boot v3.2.2, Spring v6.1.3
[2024-03-18 10:54:06.313][--------------------------------][main][SpringApplication.logStartupProfileInfo:654] INFO  No active profile set, falling back to 1 default profile: "default"
[2024-03-18 10:54:07.149][--------------------------------][main][RepositoryConfigurationDelegate.multipleStoresDetected:292] INFO  Multiple Spring Data modules found, entering strict repository configuration mode
[2024-03-18 10:54:07.151][--------------------------------][main][RepositoryConfigurationDelegate.registerRepositoriesIn:139] INFO  Bootstrapping Spring Data Redis repositories in DEFAULT mode.
[2024-03-18 10:54:07.201][--------------------------------][main][RepositoryConfigurationDelegate.registerRepositoriesIn:208] INFO  Finished Spring Data repository scanning in 33 ms. Found 0 Redis repository interfaces.
[2024-03-18 10:54:08.207][--------------------------------][main][WelcomePageHandlerMapping.<init>:59] INFO  Adding welcome page: class path resource [static/index.html]
[2024-03-18 10:54:09.354][--------------------------------][scheduling-1][KurentoConfig.kmsDownCheck:38] INFO  ======================= kms rewind =========================
[2024-03-18 10:54:09.355][--------------------------------][main][StartupInfoLogger.logStarted:56] INFO  Started ProductServiceTest in 3.357 seconds (process running for 4.205)
[2024-03-18 10:54:09.376][--------------------------------][main][TestContextManager.prepareTestInstance:272] WARN  Caught exception while allowing TestExecutionListener [org.springframework.test.context.support.DependencyInjectionTestExecutionListener] to prepare test instance [aop.prototypes.redis.ProductServiceTest@93fb44]
org.springframework.beans.factory.UnsatisfiedDependencyException: Error creating bean with name 'aop.prototypes.redis.ProductServiceTest': Unsatisfied dependency expressed through field 'cacheManager': No qualifying bean of type 'org.springframework.cache.CacheManager' available: expected at least 1 bean which qualifies as autowire candidate. Dependency annotations: {@org.springframework.beans.factory.annotation.Autowired(required=true)}
	at org.springframework.beans.factory.annotation.AutowiredAnnotationBeanPostProcessor$AutowiredFieldElement.resolveFieldValue(AutowiredAnnotationBeanPostProcessor.java:787)
	at org.springframework.beans.factory.annotation.AutowiredAnnotationBeanPostProcessor$AutowiredFieldElement.inject(AutowiredAnnotationBeanPostProcessor.java:767)
	at org.springframework.beans.factory.annotation.InjectionMetadata.inject(InjectionMetadata.java:145)
	at org.springframework.beans.factory.annotation.AutowiredAnnotationBeanPostProcessor.postProcessProperties(AutowiredAnnotationBeanPostProcessor.java:508)
	at org.springframework.beans.factory.support.AbstractAutowireCapableBeanFactory.populateBean(AbstractAutowireCapableBeanFactory.java:1418)
	at org.springframework.beans.factory.support.AbstractAutowireCapableBeanFactory.autowireBeanProperties(AbstractAutowireCapableBeanFactory.java:397)
	at org.springframework.test.context.support.DependencyInjectionTestExecutionListener.injectDependencies(DependencyInjectionTestExecutionListener.java:143)
	at org.springframework.test.context.support.DependencyInjectionTestExecutionListener.prepareTestInstance(DependencyInjectionTestExecutionListener.java:98)
	at org.springframework.test.context.TestContextManager.prepareTestInstance(TestContextManager.java:260)
	at org.springframework.test.context.junit.jupiter.SpringExtension.postProcessTestInstance(SpringExtension.java:163)
	at org.junit.jupiter.engine.descriptor.ClassBasedTestDescriptor.lambda$invokeTestInstancePostProcessors$10(ClassBasedTestDescriptor.java:378)
	at org.junit.jupiter.engine.descriptor.ClassBasedTestDescriptor.executeAndMaskThrowable(ClassBasedTestDescriptor.java:383)
	at org.junit.jupiter.engine.descriptor.ClassBasedTestDescriptor.lambda$invokeTestInstancePostProcessors$11(ClassBasedTestDescriptor.java:378)
	at java.base/java.util.stream.ReferencePipeline$3$1.accept(ReferencePipeline.java:197)
	at java.base/java.util.stream.ReferencePipeline$2$1.accept(ReferencePipeline.java:179)
	at java.base/java.util.ArrayList$ArrayListSpliterator.forEachRemaining(ArrayList.java:1708)
	at java.base/java.util.stream.AbstractPipeline.copyInto(AbstractPipeline.java:509)
	at java.base/java.util.stream.AbstractPipeline.wrapAndCopyInto(AbstractPipeline.java:499)
	at java.base/java.util.stream.StreamSpliterators$WrappingSpliterator.forEachRemaining(StreamSpliterators.java:310)
	at java.base/java.util.stream.Streams$ConcatSpliterator.forEachRemaining(Streams.java:735)
	at java.base/java.util.stream.Streams$ConcatSpliterator.forEachRemaining(Streams.java:734)
	at java.base/java.util.stream.ReferencePipeline$Head.forEach(ReferencePipeline.java:762)
	at org.junit.jupiter.engine.descriptor.ClassBasedTestDescriptor.invokeTestInstancePostProcessors(ClassBasedTestDescriptor.java:377)
	at org.junit.jupiter.engine.descriptor.ClassBasedTestDescriptor.lambda$instantiateAndPostProcessTestInstance$6(ClassBasedTestDescriptor.java:290)
	at org.junit.platform.engine.support.hierarchical.ThrowableCollector.execute(ThrowableCollector.java:73)
	at org.junit.jupiter.engine.descriptor.ClassBasedTestDescriptor.instantiateAndPostProcessTestInstance(ClassBasedTestDescriptor.java:289)
	at org.junit.jupiter.engine.descriptor.ClassBasedTestDescriptor.lambda$testInstancesProvider$4(ClassBasedTestDescriptor.java:279)
	at java.base/java.util.Optional.orElseGet(Optional.java:364)
	at org.junit.jupiter.engine.descriptor.ClassBasedTestDescriptor.lambda$testInstancesProvider$5(ClassBasedTestDescriptor.java:278)
	at org.junit.jupiter.engine.execution.TestInstancesProvider.getTestInstances(TestInstancesProvider.java:31)
	at org.junit.jupiter.engine.descriptor.TestMethodTestDescriptor.lambda$prepare$0(TestMethodTestDescriptor.java:106)
	at org.junit.platform.engine.support.hierarchical.ThrowableCollector.execute(ThrowableCollector.java:73)
	at org.junit.jupiter.engine.descriptor.TestMethodTestDescriptor.prepare(TestMethodTestDescriptor.java:105)
	at org.junit.jupiter.engine.descriptor.TestMethodTestDescriptor.prepare(TestMethodTestDescriptor.java:69)
	at org.junit.platform.engine.support.hierarchical.NodeTestTask.lambda$prepare$2(NodeTestTask.java:123)
	at org.junit.platform.engine.support.hierarchical.ThrowableCollector.execute(ThrowableCollector.java:73)
	at org.junit.platform.engine.support.hierarchical.NodeTestTask.prepare(NodeTestTask.java:123)
	at org.junit.platform.engine.support.hierarchical.NodeTestTask.execute(NodeTestTask.java:90)
	at java.base/java.util.ArrayList.forEach(ArrayList.java:1596)
	at org.junit.platform.engine.support.hierarchical.SameThreadHierarchicalTestExecutorService.invokeAll(SameThreadHierarchicalTestExecutorService.java:41)
	at org.junit.platform.engine.support.hierarchical.NodeTestTask.lambda$executeRecursively$6(NodeTestTask.java:155)
	at org.junit.platform.engine.support.hierarchical.ThrowableCollector.execute(ThrowableCollector.java:73)
	at org.junit.platform.engine.support.hierarchical.NodeTestTask.lambda$executeRecursively$8(NodeTestTask.java:141)
	at org.junit.platform.engine.support.hierarchical.Node.around(Node.java:137)
	at org.junit.platform.engine.support.hierarchical.NodeTestTask.lambda$executeRecursively$9(NodeTestTask.java:139)
	at org.junit.platform.engine.support.hierarchical.ThrowableCollector.execute(ThrowableCollector.java:73)
	at org.junit.platform.engine.support.hierarchical.NodeTestTask.executeRecursively(NodeTestTask.java:138)
	at org.junit.platform.engine.support.hierarchical.NodeTestTask.execute(NodeTestTask.java:95)
	at java.base/java.util.ArrayList.forEach(ArrayList.java:1596)
	at org.junit.platform.engine.support.hierarchical.SameThreadHierarchicalTestExecutorService.invokeAll(SameThreadHierarchicalTestExecutorService.java:41)
	at org.junit.platform.engine.support.hierarchical.NodeTestTask.lambda$executeRecursively$6(NodeTestTask.java:155)
	at org.junit.platform.engine.support.hierarchical.ThrowableCollector.execute(ThrowableCollector.java:73)
	at org.junit.platform.engine.support.hierarchical.NodeTestTask.lambda$executeRecursively$8(NodeTestTask.java:141)
	at org.junit.platform.engine.support.hierarchical.Node.around(Node.java:137)
	at org.junit.platform.engine.support.hierarchical.NodeTestTask.lambda$executeRecursively$9(NodeTestTask.java:139)
	at org.junit.platform.engine.support.hierarchical.ThrowableCollector.execute(ThrowableCollector.java:73)
	at org.junit.platform.engine.support.hierarchical.NodeTestTask.executeRecursively(NodeTestTask.java:138)
	at org.junit.platform.engine.support.hierarchical.NodeTestTask.execute(NodeTestTask.java:95)
	at org.junit.platform.engine.support.hierarchical.SameThreadHierarchicalTestExecutorService.submit(SameThreadHierarchicalTestExecutorService.java:35)
	at org.junit.platform.engine.support.hierarchical.HierarchicalTestExecutor.execute(HierarchicalTestExecutor.java:57)
	at org.junit.platform.engine.support.hierarchical.HierarchicalTestEngine.execute(HierarchicalTestEngine.java:54)
	at org.junit.platform.launcher.core.EngineExecutionOrchestrator.execute(EngineExecutionOrchestrator.java:198)
	at org.junit.platform.launcher.core.EngineExecutionOrchestrator.execute(EngineExecutionOrchestrator.java:169)
	at org.junit.platform.launcher.core.EngineExecutionOrchestrator.execute(EngineExecutionOrchestrator.java:93)
	at org.junit.platform.launcher.core.EngineExecutionOrchestrator.lambda$execute$0(EngineExecutionOrchestrator.java:58)
	at org.junit.platform.launcher.core.EngineExecutionOrchestrator.withInterceptedStreams(EngineExecutionOrchestrator.java:141)
	at org.junit.platform.launcher.core.EngineExecutionOrchestrator.execute(EngineExecutionOrchestrator.java:57)
	at org.junit.platform.launcher.core.DefaultLauncher.execute(DefaultLauncher.java:103)
	at org.junit.platform.launcher.core.DefaultLauncher.execute(DefaultLauncher.java:85)
	at org.junit.platform.launcher.core.DelegatingLauncher.execute(DelegatingLauncher.java:47)
	at org.junit.platform.launcher.core.SessionPerRequestLauncher.execute(SessionPerRequestLauncher.java:63)
	at com.intellij.junit5.JUnit5IdeaTestRunner.startRunnerWithArgs(JUnit5IdeaTestRunner.java:57)
	at com.intellij.rt.junit.IdeaTestRunner$Repeater$1.execute(IdeaTestRunner.java:38)
	at com.intellij.rt.execution.junit.TestsRepeater.repeat(TestsRepeater.java:11)
	at com.intellij.rt.junit.IdeaTestRunner$Repeater.startRunnerWithArgs(IdeaTestRunner.java:35)
	at com.intellij.rt.junit.JUnitStarter.prepareStreamsAndStart(JUnitStarter.java:232)
	at com.intellij.rt.junit.JUnitStarter.main(JUnitStarter.java:55)
Caused by: org.springframework.beans.factory.NoSuchBeanDefinitionException: No qualifying bean of type 'org.springframework.cache.CacheManager' available: expected at least 1 bean which qualifies as autowire candidate. Dependency annotations: {@org.springframework.beans.factory.annotation.Autowired(required=true)}
	at org.springframework.beans.factory.support.DefaultListableBeanFactory.raiseNoMatchingBeanFound(DefaultListableBeanFactory.java:1880)
	at org.springframework.beans.factory.support.DefaultListableBeanFactory.doResolveDependency(DefaultListableBeanFactory.java:1406)
	at org.springframework.beans.factory.support.DefaultListableBeanFactory.resolveDependency(DefaultListableBeanFactory.java:1353)
	at org.springframework.beans.factory.annotation.AutowiredAnnotationBeanPostProcessor$AutowiredFieldElement.resolveFieldValue(AutowiredAnnotationBeanPostProcessor.java:784)
	... 76 common frames omitted
[2024-03-18 11:01:15.183][--------------------------------][main][StartupInfoLogger.logStarting:50] INFO  Starting ProductServiceTest using Java 21.0.1 with PID 11920 (started by user in C:\Users\user\Desktop\study\spring-study\aop)
[2024-03-18 11:01:15.185][--------------------------------][main][StartupInfoLogger.logStarting:51] DEBUG Running with Spring Boot v3.2.2, Spring v6.1.3
[2024-03-18 11:01:15.186][--------------------------------][main][SpringApplication.logStartupProfileInfo:654] INFO  No active profile set, falling back to 1 default profile: "default"
[2024-03-18 11:01:16.021][--------------------------------][main][RepositoryConfigurationDelegate.multipleStoresDetected:292] INFO  Multiple Spring Data modules found, entering strict repository configuration mode
[2024-03-18 11:01:16.025][--------------------------------][main][RepositoryConfigurationDelegate.registerRepositoriesIn:139] INFO  Bootstrapping Spring Data Redis repositories in DEFAULT mode.
[2024-03-18 11:01:16.068][--------------------------------][main][RepositoryConfigurationDelegate.registerRepositoriesIn:208] INFO  Finished Spring Data repository scanning in 31 ms. Found 0 Redis repository interfaces.
[2024-03-18 11:01:17.580][--------------------------------][main][WelcomePageHandlerMapping.<init>:59] INFO  Adding welcome page: class path resource [static/index.html]
[2024-03-18 11:01:18.229][--------------------------------][scheduling-1][KurentoConfig.kmsDownCheck:38] INFO  ======================= kms rewind =========================
[2024-03-18 11:01:18.232][--------------------------------][main][StartupInfoLogger.logStarted:56] INFO  Started ProductServiceTest in 3.371 seconds (process running for 4.195)
[2024-03-18 11:01:18.251][--------------------------------][main][TestContextManager.prepareTestInstance:272] WARN  Caught exception while allowing TestExecutionListener [org.springframework.test.context.support.DependencyInjectionTestExecutionListener] to prepare test instance [aop.prototypes.redis.ProductServiceTest@28e91f6d]
org.springframework.beans.factory.UnsatisfiedDependencyException: Error creating bean with name 'aop.prototypes.redis.ProductServiceTest': Unsatisfied dependency expressed through field 'cacheManager': No qualifying bean of type 'org.springframework.cache.CacheManager' available: expected at least 1 bean which qualifies as autowire candidate. Dependency annotations: {@org.springframework.beans.factory.annotation.Autowired(required=true)}
	at org.springframework.beans.factory.annotation.AutowiredAnnotationBeanPostProcessor$AutowiredFieldElement.resolveFieldValue(AutowiredAnnotationBeanPostProcessor.java:787)
	at org.springframework.beans.factory.annotation.AutowiredAnnotationBeanPostProcessor$AutowiredFieldElement.inject(AutowiredAnnotationBeanPostProcessor.java:767)
	at org.springframework.beans.factory.annotation.InjectionMetadata.inject(InjectionMetadata.java:145)
	at org.springframework.beans.factory.annotation.AutowiredAnnotationBeanPostProcessor.postProcessProperties(AutowiredAnnotationBeanPostProcessor.java:508)
	at org.springframework.beans.factory.support.AbstractAutowireCapableBeanFactory.populateBean(AbstractAutowireCapableBeanFactory.java:1418)
	at org.springframework.beans.factory.support.AbstractAutowireCapableBeanFactory.autowireBeanProperties(AbstractAutowireCapableBeanFactory.java:397)
	at org.springframework.test.context.support.DependencyInjectionTestExecutionListener.injectDependencies(DependencyInjectionTestExecutionListener.java:143)
	at org.springframework.test.context.support.DependencyInjectionTestExecutionListener.prepareTestInstance(DependencyInjectionTestExecutionListener.java:98)
	at org.springframework.test.context.TestContextManager.prepareTestInstance(TestContextManager.java:260)
	at org.springframework.test.context.junit.jupiter.SpringExtension.postProcessTestInstance(SpringExtension.java:163)
	at org.junit.jupiter.engine.descriptor.ClassBasedTestDescriptor.lambda$invokeTestInstancePostProcessors$10(ClassBasedTestDescriptor.java:378)
	at org.junit.jupiter.engine.descriptor.ClassBasedTestDescriptor.executeAndMaskThrowable(ClassBasedTestDescriptor.java:383)
	at org.junit.jupiter.engine.descriptor.ClassBasedTestDescriptor.lambda$invokeTestInstancePostProcessors$11(ClassBasedTestDescriptor.java:378)
	at java.base/java.util.stream.ReferencePipeline$3$1.accept(ReferencePipeline.java:197)
	at java.base/java.util.stream.ReferencePipeline$2$1.accept(ReferencePipeline.java:179)
	at java.base/java.util.ArrayList$ArrayListSpliterator.forEachRemaining(ArrayList.java:1708)
	at java.base/java.util.stream.AbstractPipeline.copyInto(AbstractPipeline.java:509)
	at java.base/java.util.stream.AbstractPipeline.wrapAndCopyInto(AbstractPipeline.java:499)
	at java.base/java.util.stream.StreamSpliterators$WrappingSpliterator.forEachRemaining(StreamSpliterators.java:310)
	at java.base/java.util.stream.Streams$ConcatSpliterator.forEachRemaining(Streams.java:735)
	at java.base/java.util.stream.Streams$ConcatSpliterator.forEachRemaining(Streams.java:734)
	at java.base/java.util.stream.ReferencePipeline$Head.forEach(ReferencePipeline.java:762)
	at org.junit.jupiter.engine.descriptor.ClassBasedTestDescriptor.invokeTestInstancePostProcessors(ClassBasedTestDescriptor.java:377)
	at org.junit.jupiter.engine.descriptor.ClassBasedTestDescriptor.lambda$instantiateAndPostProcessTestInstance$6(ClassBasedTestDescriptor.java:290)
	at org.junit.platform.engine.support.hierarchical.ThrowableCollector.execute(ThrowableCollector.java:73)
	at org.junit.jupiter.engine.descriptor.ClassBasedTestDescriptor.instantiateAndPostProcessTestInstance(ClassBasedTestDescriptor.java:289)
	at org.junit.jupiter.engine.descriptor.ClassBasedTestDescriptor.lambda$testInstancesProvider$4(ClassBasedTestDescriptor.java:279)
	at java.base/java.util.Optional.orElseGet(Optional.java:364)
	at org.junit.jupiter.engine.descriptor.ClassBasedTestDescriptor.lambda$testInstancesProvider$5(ClassBasedTestDescriptor.java:278)
	at org.junit.jupiter.engine.execution.TestInstancesProvider.getTestInstances(TestInstancesProvider.java:31)
	at org.junit.jupiter.engine.descriptor.TestMethodTestDescriptor.lambda$prepare$0(TestMethodTestDescriptor.java:106)
	at org.junit.platform.engine.support.hierarchical.ThrowableCollector.execute(ThrowableCollector.java:73)
	at org.junit.jupiter.engine.descriptor.TestMethodTestDescriptor.prepare(TestMethodTestDescriptor.java:105)
	at org.junit.jupiter.engine.descriptor.TestMethodTestDescriptor.prepare(TestMethodTestDescriptor.java:69)
	at org.junit.platform.engine.support.hierarchical.NodeTestTask.lambda$prepare$2(NodeTestTask.java:123)
	at org.junit.platform.engine.support.hierarchical.ThrowableCollector.execute(ThrowableCollector.java:73)
	at org.junit.platform.engine.support.hierarchical.NodeTestTask.prepare(NodeTestTask.java:123)
	at org.junit.platform.engine.support.hierarchical.NodeTestTask.execute(NodeTestTask.java:90)
	at java.base/java.util.ArrayList.forEach(ArrayList.java:1596)
	at org.junit.platform.engine.support.hierarchical.SameThreadHierarchicalTestExecutorService.invokeAll(SameThreadHierarchicalTestExecutorService.java:41)
	at org.junit.platform.engine.support.hierarchical.NodeTestTask.lambda$executeRecursively$6(NodeTestTask.java:155)
	at org.junit.platform.engine.support.hierarchical.ThrowableCollector.execute(ThrowableCollector.java:73)
	at org.junit.platform.engine.support.hierarchical.NodeTestTask.lambda$executeRecursively$8(NodeTestTask.java:141)
	at org.junit.platform.engine.support.hierarchical.Node.around(Node.java:137)
	at org.junit.platform.engine.support.hierarchical.NodeTestTask.lambda$executeRecursively$9(NodeTestTask.java:139)
	at org.junit.platform.engine.support.hierarchical.ThrowableCollector.execute(ThrowableCollector.java:73)
	at org.junit.platform.engine.support.hierarchical.NodeTestTask.executeRecursively(NodeTestTask.java:138)
	at org.junit.platform.engine.support.hierarchical.NodeTestTask.execute(NodeTestTask.java:95)
	at java.base/java.util.ArrayList.forEach(ArrayList.java:1596)
	at org.junit.platform.engine.support.hierarchical.SameThreadHierarchicalTestExecutorService.invokeAll(SameThreadHierarchicalTestExecutorService.java:41)
	at org.junit.platform.engine.support.hierarchical.NodeTestTask.lambda$executeRecursively$6(NodeTestTask.java:155)
	at org.junit.platform.engine.support.hierarchical.ThrowableCollector.execute(ThrowableCollector.java:73)
	at org.junit.platform.engine.support.hierarchical.NodeTestTask.lambda$executeRecursively$8(NodeTestTask.java:141)
	at org.junit.platform.engine.support.hierarchical.Node.around(Node.java:137)
	at org.junit.platform.engine.support.hierarchical.NodeTestTask.lambda$executeRecursively$9(NodeTestTask.java:139)
	at org.junit.platform.engine.support.hierarchical.ThrowableCollector.execute(ThrowableCollector.java:73)
	at org.junit.platform.engine.support.hierarchical.NodeTestTask.executeRecursively(NodeTestTask.java:138)
	at org.junit.platform.engine.support.hierarchical.NodeTestTask.execute(NodeTestTask.java:95)
	at org.junit.platform.engine.support.hierarchical.SameThreadHierarchicalTestExecutorService.submit(SameThreadHierarchicalTestExecutorService.java:35)
	at org.junit.platform.engine.support.hierarchical.HierarchicalTestExecutor.execute(HierarchicalTestExecutor.java:57)
	at org.junit.platform.engine.support.hierarchical.HierarchicalTestEngine.execute(HierarchicalTestEngine.java:54)
	at org.junit.platform.launcher.core.EngineExecutionOrchestrator.execute(EngineExecutionOrchestrator.java:198)
	at org.junit.platform.launcher.core.EngineExecutionOrchestrator.execute(EngineExecutionOrchestrator.java:169)
	at org.junit.platform.launcher.core.EngineExecutionOrchestrator.execute(EngineExecutionOrchestrator.java:93)
	at org.junit.platform.launcher.core.EngineExecutionOrchestrator.lambda$execute$0(EngineExecutionOrchestrator.java:58)
	at org.junit.platform.launcher.core.EngineExecutionOrchestrator.withInterceptedStreams(EngineExecutionOrchestrator.java:141)
	at org.junit.platform.launcher.core.EngineExecutionOrchestrator.execute(EngineExecutionOrchestrator.java:57)
	at org.junit.platform.launcher.core.DefaultLauncher.execute(DefaultLauncher.java:103)
	at org.junit.platform.launcher.core.DefaultLauncher.execute(DefaultLauncher.java:85)
	at org.junit.platform.launcher.core.DelegatingLauncher.execute(DelegatingLauncher.java:47)
	at org.junit.platform.launcher.core.SessionPerRequestLauncher.execute(SessionPerRequestLauncher.java:63)
	at com.intellij.junit5.JUnit5IdeaTestRunner.startRunnerWithArgs(JUnit5IdeaTestRunner.java:57)
	at com.intellij.rt.junit.IdeaTestRunner$Repeater$1.execute(IdeaTestRunner.java:38)
	at com.intellij.rt.execution.junit.TestsRepeater.repeat(TestsRepeater.java:11)
	at com.intellij.rt.junit.IdeaTestRunner$Repeater.startRunnerWithArgs(IdeaTestRunner.java:35)
	at com.intellij.rt.junit.JUnitStarter.prepareStreamsAndStart(JUnitStarter.java:232)
	at com.intellij.rt.junit.JUnitStarter.main(JUnitStarter.java:55)
Caused by: org.springframework.beans.factory.NoSuchBeanDefinitionException: No qualifying bean of type 'org.springframework.cache.CacheManager' available: expected at least 1 bean which qualifies as autowire candidate. Dependency annotations: {@org.springframework.beans.factory.annotation.Autowired(required=true)}
	at org.springframework.beans.factory.support.DefaultListableBeanFactory.raiseNoMatchingBeanFound(DefaultListableBeanFactory.java:1880)
	at org.springframework.beans.factory.support.DefaultListableBeanFactory.doResolveDependency(DefaultListableBeanFactory.java:1406)
	at org.springframework.beans.factory.support.DefaultListableBeanFactory.resolveDependency(DefaultListableBeanFactory.java:1353)
	at org.springframework.beans.factory.annotation.AutowiredAnnotationBeanPostProcessor$AutowiredFieldElement.resolveFieldValue(AutowiredAnnotationBeanPostProcessor.java:784)
	... 76 common frames omitted
[2024-03-18 11:04:17.711][--------------------------------][main][StartupInfoLogger.logStarting:50] INFO  Starting ProductServiceTest using Java 21.0.1 with PID 10072 (started by user in C:\Users\user\Desktop\study\spring-study\aop)
[2024-03-18 11:04:17.713][--------------------------------][main][StartupInfoLogger.logStarting:51] DEBUG Running with Spring Boot v3.2.2, Spring v6.1.3
[2024-03-18 11:04:17.714][--------------------------------][main][SpringApplication.logStartupProfileInfo:654] INFO  No active profile set, falling back to 1 default profile: "default"
[2024-03-18 11:04:18.583][--------------------------------][main][RepositoryConfigurationDelegate.multipleStoresDetected:292] INFO  Multiple Spring Data modules found, entering strict repository configuration mode
[2024-03-18 11:04:18.585][--------------------------------][main][RepositoryConfigurationDelegate.registerRepositoriesIn:139] INFO  Bootstrapping Spring Data Redis repositories in DEFAULT mode.
[2024-03-18 11:04:18.634][--------------------------------][main][RepositoryConfigurationDelegate.registerRepositoriesIn:208] INFO  Finished Spring Data repository scanning in 35 ms. Found 0 Redis repository interfaces.
[2024-03-18 11:04:20.319][--------------------------------][main][WelcomePageHandlerMapping.<init>:59] INFO  Adding welcome page: class path resource [static/index.html]
[2024-03-18 11:04:21.041][--------------------------------][scheduling-1][KurentoConfig.kmsDownCheck:38] INFO  ======================= kms rewind =========================
[2024-03-18 11:04:21.044][--------------------------------][main][StartupInfoLogger.logStarted:56] INFO  Started ProductServiceTest in 3.634 seconds (process running for 4.54)
[2024-03-18 11:19:58.644][--------------------------------][main][StartupInfoLogger.logStarting:50] INFO  Starting ProductServiceTest using Java 21.0.1 with PID 27144 (started by user in C:\Users\user\Desktop\study\spring-study\aop)
[2024-03-18 11:19:58.646][--------------------------------][main][StartupInfoLogger.logStarting:51] DEBUG Running with Spring Boot v3.2.2, Spring v6.1.3
[2024-03-18 11:19:58.646][--------------------------------][main][SpringApplication.logStartupProfileInfo:654] INFO  No active profile set, falling back to 1 default profile: "default"
[2024-03-18 11:19:59.241][--------------------------------][main][RepositoryConfigurationDelegate.multipleStoresDetected:292] INFO  Multiple Spring Data modules found, entering strict repository configuration mode
[2024-03-18 11:19:59.245][--------------------------------][main][RepositoryConfigurationDelegate.registerRepositoriesIn:139] INFO  Bootstrapping Spring Data Redis repositories in DEFAULT mode.
[2024-03-18 11:19:59.276][--------------------------------][main][RepositoryConfigurationDelegate.registerRepositoriesIn:208] INFO  Finished Spring Data repository scanning in 10 ms. Found 0 Redis repository interfaces.
[2024-03-18 11:20:00.096][--------------------------------][main][WelcomePageHandlerMapping.<init>:59] INFO  Adding welcome page: class path resource [static/index.html]
[2024-03-18 11:20:00.560][--------------------------------][main][StartupInfoLogger.logStarted:56] INFO  Started ProductServiceTest in 2.214 seconds (process running for 2.994)
[2024-03-18 11:31:43.317][--------------------------------][main][StartupInfoLogger.logStarting:50] INFO  Starting ProductServiceTest using Java 21.0.1 with PID 28324 (started by user in C:\Users\user\Desktop\study\spring-study\aop)
[2024-03-18 11:31:43.319][--------------------------------][main][StartupInfoLogger.logStarting:51] DEBUG Running with Spring Boot v3.2.2, Spring v6.1.3
[2024-03-18 11:31:43.320][--------------------------------][main][SpringApplication.logStartupProfileInfo:654] INFO  No active profile set, falling back to 1 default profile: "default"
[2024-03-18 11:31:43.915][--------------------------------][main][RepositoryConfigurationDelegate.multipleStoresDetected:292] INFO  Multiple Spring Data modules found, entering strict repository configuration mode
[2024-03-18 11:31:43.920][--------------------------------][main][RepositoryConfigurationDelegate.registerRepositoriesIn:139] INFO  Bootstrapping Spring Data Redis repositories in DEFAULT mode.
[2024-03-18 11:31:43.944][--------------------------------][main][RepositoryConfigurationDelegate.registerRepositoriesIn:208] INFO  Finished Spring Data repository scanning in 10 ms. Found 0 Redis repository interfaces.
[2024-03-18 11:31:44.775][--------------------------------][main][WelcomePageHandlerMapping.<init>:59] INFO  Adding welcome page: class path resource [static/index.html]
[2024-03-18 11:31:45.275][--------------------------------][main][StartupInfoLogger.logStarted:56] INFO  Started ProductServiceTest in 2.287 seconds (process running for 3.236)
[2024-03-18 11:32:06.749][--------------------------------][main][StartupInfoLogger.logStarting:50] INFO  Starting ProductServiceTest using Java 21.0.1 with PID 15592 (started by user in C:\Users\user\Desktop\study\spring-study\aop)
[2024-03-18 11:32:06.751][--------------------------------][main][StartupInfoLogger.logStarting:51] DEBUG Running with Spring Boot v3.2.2, Spring v6.1.3
[2024-03-18 11:32:06.752][--------------------------------][main][SpringApplication.logStartupProfileInfo:654] INFO  No active profile set, falling back to 1 default profile: "default"
[2024-03-18 11:32:07.294][--------------------------------][main][RepositoryConfigurationDelegate.multipleStoresDetected:292] INFO  Multiple Spring Data modules found, entering strict repository configuration mode
[2024-03-18 11:32:07.298][--------------------------------][main][RepositoryConfigurationDelegate.registerRepositoriesIn:139] INFO  Bootstrapping Spring Data Redis repositories in DEFAULT mode.
[2024-03-18 11:32:07.326][--------------------------------][main][RepositoryConfigurationDelegate.registerRepositoriesIn:208] INFO  Finished Spring Data repository scanning in 15 ms. Found 0 Redis repository interfaces.
[2024-03-18 11:32:08.212][--------------------------------][main][WelcomePageHandlerMapping.<init>:59] INFO  Adding welcome page: class path resource [static/index.html]
[2024-03-18 11:32:08.742][--------------------------------][main][StartupInfoLogger.logStarted:56] INFO  Started ProductServiceTest in 2.296 seconds (process running for 3.1)
[2024-03-18 11:33:32.277][--------------------------------][main][StartupInfoLogger.logStarting:50] INFO  Starting ProductServiceTest using Java 21.0.1 with PID 15688 (started by user in C:\Users\user\Desktop\study\spring-study\aop)
[2024-03-18 11:33:32.279][--------------------------------][main][StartupInfoLogger.logStarting:51] DEBUG Running with Spring Boot v3.2.2, Spring v6.1.3
[2024-03-18 11:33:32.280][--------------------------------][main][SpringApplication.logStartupProfileInfo:654] INFO  No active profile set, falling back to 1 default profile: "default"
[2024-03-18 11:33:33.220][--------------------------------][main][RepositoryConfigurationDelegate.multipleStoresDetected:292] INFO  Multiple Spring Data modules found, entering strict repository configuration mode
[2024-03-18 11:33:33.225][--------------------------------][main][RepositoryConfigurationDelegate.registerRepositoriesIn:139] INFO  Bootstrapping Spring Data Redis repositories in DEFAULT mode.
[2024-03-18 11:33:33.269][--------------------------------][main][RepositoryConfigurationDelegate.registerRepositoriesIn:208] INFO  Finished Spring Data repository scanning in 20 ms. Found 0 Redis repository interfaces.
[2024-03-18 11:33:34.226][--------------------------------][main][WelcomePageHandlerMapping.<init>:59] INFO  Adding welcome page: class path resource [static/index.html]
[2024-03-18 11:33:34.721][--------------------------------][main][StartupInfoLogger.logStarted:56] INFO  Started ProductServiceTest in 2.883 seconds (process running for 4.628)
[2024-03-18 11:33:56.238][--------------------------------][main][StartupInfoLogger.logStarting:50] INFO  Starting ProductServiceTest using Java 21.0.1 with PID 26088 (started by user in C:\Users\user\Desktop\study\spring-study\aop)
[2024-03-18 11:33:56.240][--------------------------------][main][StartupInfoLogger.logStarting:51] DEBUG Running with Spring Boot v3.2.2, Spring v6.1.3
[2024-03-18 11:33:56.241][--------------------------------][main][SpringApplication.logStartupProfileInfo:654] INFO  No active profile set, falling back to 1 default profile: "default"
[2024-03-18 11:33:56.820][--------------------------------][main][RepositoryConfigurationDelegate.multipleStoresDetected:292] INFO  Multiple Spring Data modules found, entering strict repository configuration mode
[2024-03-18 11:33:56.823][--------------------------------][main][RepositoryConfigurationDelegate.registerRepositoriesIn:139] INFO  Bootstrapping Spring Data Redis repositories in DEFAULT mode.
[2024-03-18 11:33:56.850][--------------------------------][main][RepositoryConfigurationDelegate.registerRepositoriesIn:208] INFO  Finished Spring Data repository scanning in 9 ms. Found 0 Redis repository interfaces.
[2024-03-18 11:33:57.695][--------------------------------][main][WelcomePageHandlerMapping.<init>:59] INFO  Adding welcome page: class path resource [static/index.html]
[2024-03-18 11:33:58.141][--------------------------------][main][StartupInfoLogger.logStarted:56] INFO  Started ProductServiceTest in 2.309 seconds (process running for 3.109)
[2024-03-18 11:34:55.270][--------------------------------][main][StartupInfoLogger.logStarting:50] INFO  Starting ProductServiceTest using Java 21.0.1 with PID 20492 (started by user in C:\Users\user\Desktop\study\spring-study\aop)
[2024-03-18 11:34:55.273][--------------------------------][main][StartupInfoLogger.logStarting:51] DEBUG Running with Spring Boot v3.2.2, Spring v6.1.3
[2024-03-18 11:34:55.276][--------------------------------][main][SpringApplication.logStartupProfileInfo:654] INFO  No active profile set, falling back to 1 default profile: "default"
[2024-03-18 11:34:55.931][--------------------------------][main][RepositoryConfigurationDelegate.multipleStoresDetected:292] INFO  Multiple Spring Data modules found, entering strict repository configuration mode
[2024-03-18 11:34:55.934][--------------------------------][main][RepositoryConfigurationDelegate.registerRepositoriesIn:139] INFO  Bootstrapping Spring Data Redis repositories in DEFAULT mode.
[2024-03-18 11:34:55.962][--------------------------------][main][RepositoryConfigurationDelegate.registerRepositoriesIn:208] INFO  Finished Spring Data repository scanning in 12 ms. Found 0 Redis repository interfaces.
[2024-03-18 11:34:56.921][--------------------------------][main][WelcomePageHandlerMapping.<init>:59] INFO  Adding welcome page: class path resource [static/index.html]
[2024-03-18 11:34:57.392][--------------------------------][main][StartupInfoLogger.logStarted:56] INFO  Started ProductServiceTest in 2.449 seconds (process running for 3.291)
[2024-03-18 11:38:08.989][--------------------------------][restartedMain][StartupInfoLogger.logStarting:50] INFO  Starting MainApplication using Java 21.0.1 with PID 22308 (C:\Users\user\Desktop\study\spring-study\aop\build\classes\java\main started by user in C:\Users\user\Desktop\study\spring-study\aop)
[2024-03-18 11:38:08.991][--------------------------------][restartedMain][StartupInfoLogger.logStarting:51] DEBUG Running with Spring Boot v3.2.2, Spring v6.1.3
[2024-03-18 11:38:08.992][--------------------------------][restartedMain][SpringApplication.logStartupProfileInfo:654] INFO  No active profile set, falling back to 1 default profile: "default"
[2024-03-18 11:38:09.036][--------------------------------][restartedMain][DeferredLog.logTo:252] INFO  Devtools property defaults active! Set 'spring.devtools.add-properties' to 'false' to disable
[2024-03-18 11:38:09.036][--------------------------------][restartedMain][DeferredLog.logTo:252] INFO  For additional web related logging consider setting the 'logging.level.web' property to 'DEBUG'
[2024-03-18 11:38:09.781][--------------------------------][restartedMain][RepositoryConfigurationDelegate.multipleStoresDetected:292] INFO  Multiple Spring Data modules found, entering strict repository configuration mode
[2024-03-18 11:38:09.783][--------------------------------][restartedMain][RepositoryConfigurationDelegate.registerRepositoriesIn:139] INFO  Bootstrapping Spring Data Redis repositories in DEFAULT mode.
[2024-03-18 11:38:09.808][--------------------------------][restartedMain][RepositoryConfigurationDelegate.registerRepositoriesIn:208] INFO  Finished Spring Data repository scanning in 17 ms. Found 0 Redis repository interfaces.
[2024-03-18 11:38:10.437][--------------------------------][restartedMain][TomcatWebServer.initialize:109] INFO  Tomcat initialized with port 8081 (http)
[2024-03-18 11:38:10.446][--------------------------------][restartedMain][DirectJDKLog.log:173] INFO  Starting service [Tomcat]
[2024-03-18 11:38:10.446][--------------------------------][restartedMain][DirectJDKLog.log:173] INFO  Starting Servlet engine: [Apache Tomcat/10.1.18]
[2024-03-18 11:38:10.480][--------------------------------][restartedMain][DirectJDKLog.log:173] INFO  Initializing Spring embedded WebApplicationContext
[2024-03-18 11:38:10.480][--------------------------------][restartedMain][ServletWebServerApplicationContext.prepareWebApplicationContext:296] INFO  Root WebApplicationContext: initialization completed in 1443 ms
[2024-03-18 11:38:11.196][--------------------------------][restartedMain][WelcomePageHandlerMapping.<init>:59] INFO  Adding welcome page: class path resource [static/index.html]
[2024-03-18 11:38:11.652][--------------------------------][restartedMain][OptionalLiveReloadServer.startServer:59] INFO  LiveReload server is running on port 35729
[2024-03-18 11:38:11.673][--------------------------------][restartedMain][TomcatWebServer.start:241] INFO  Tomcat started on port 8081 (http) with context path ''
[2024-03-18 11:38:11.680][--------------------------------][restartedMain][StartupInfoLogger.logStarted:56] INFO  Started MainApplication in 3.001 seconds (process running for 3.508)
[2024-03-18 11:38:11.683][--------------------------------][scheduling-1][KurentoConfig.kmsDownCheck:38] INFO  ======================= kms rewind =========================
[2024-03-18 11:38:16.684][--------------------------------][scheduling-1][KurentoConfig.kmsDownCheck:38] INFO  ======================= kms rewind =========================
[2024-03-18 11:38:21.681][--------------------------------][scheduling-1][KurentoConfig.kmsDownCheck:38] INFO  ======================= kms rewind =========================
[2024-03-18 11:38:26.680][--------------------------------][scheduling-1][KurentoConfig.kmsDownCheck:38] INFO  ======================= kms rewind =========================
[2024-03-18 11:38:31.716][--------------------------------][scheduling-1][KurentoConfig.kmsDownCheck:38] INFO  ======================= kms rewind =========================
[2024-03-18 11:38:36.694][--------------------------------][scheduling-1][KurentoConfig.kmsDownCheck:38] INFO  ======================= kms rewind =========================
[2024-03-18 11:38:38.198][--------------------------------][http-nio-8081-exec-1][DirectJDKLog.log:173] INFO  Initializing Spring DispatcherServlet 'dispatcherServlet'
[2024-03-18 11:38:38.198][--------------------------------][http-nio-8081-exec-1][FrameworkServlet.initServletBean:532] INFO  Initializing Servlet 'dispatcherServlet'
[2024-03-18 11:38:38.199][--------------------------------][http-nio-8081-exec-1][FrameworkServlet.initServletBean:554] INFO  Completed initialization in 1 ms
[2024-03-18 11:38:39.203][--------------------------------][http-nio-8081-exec-1][DirectJDKLog.log:175] ERROR Servlet.service() for servlet [dispatcherServlet] in context with path [] threw exception [Request processing failed: org.springframework.data.redis.RedisConnectionFailureException: Unable to connect to Redis] with root cause
io.lettuce.core.RedisCommandExecutionException: NOAUTH HELLO must be called with the client already authenticated, otherwise the HELLO <proto> AUTH <user> <pass> option can be used to authenticate the client and select the RESP protocol version at the same time
	at io.lettuce.core.internal.ExceptionFactory.createExecutionException(ExceptionFactory.java:147)
	at io.lettuce.core.internal.ExceptionFactory.createExecutionException(ExceptionFactory.java:116)
	at io.lettuce.core.protocol.AsyncCommand.completeResult(AsyncCommand.java:120)
	at io.lettuce.core.protocol.AsyncCommand.complete(AsyncCommand.java:111)
	at io.lettuce.core.protocol.CommandHandler.complete(CommandHandler.java:745)
	at io.lettuce.core.protocol.CommandHandler.decode(CommandHandler.java:680)
	at io.lettuce.core.protocol.CommandHandler.channelRead(CommandHandler.java:597)
	at io.netty.channel.AbstractChannelHandlerContext.invokeChannelRead(AbstractChannelHandlerContext.java:442)
	at io.netty.channel.AbstractChannelHandlerContext.invokeChannelRead(AbstractChannelHandlerContext.java:420)
	at io.netty.channel.AbstractChannelHandlerContext.fireChannelRead(AbstractChannelHandlerContext.java:412)
	at io.netty.channel.DefaultChannelPipeline$HeadContext.channelRead(DefaultChannelPipeline.java:1410)
	at io.netty.channel.AbstractChannelHandlerContext.invokeChannelRead(AbstractChannelHandlerContext.java:440)
	at io.netty.channel.AbstractChannelHandlerContext.invokeChannelRead(AbstractChannelHandlerContext.java:420)
	at io.netty.channel.DefaultChannelPipeline.fireChannelRead(DefaultChannelPipeline.java:919)
	at io.netty.channel.nio.AbstractNioByteChannel$NioByteUnsafe.read(AbstractNioByteChannel.java:166)
	at io.netty.channel.nio.NioEventLoop.processSelectedKey(NioEventLoop.java:788)
	at io.netty.channel.nio.NioEventLoop.processSelectedKeysOptimized(NioEventLoop.java:724)
	at io.netty.channel.nio.NioEventLoop.processSelectedKeys(NioEventLoop.java:650)
	at io.netty.channel.nio.NioEventLoop.run(NioEventLoop.java:562)
	at io.netty.util.concurrent.SingleThreadEventExecutor$4.run(SingleThreadEventExecutor.java:997)
	at io.netty.util.internal.ThreadExecutorMap$2.run(ThreadExecutorMap.java:74)
	at io.netty.util.concurrent.FastThreadLocalRunnable.run(FastThreadLocalRunnable.java:30)
	at java.base/java.lang.Thread.run(Thread.java:1583)
[2024-03-18 11:38:41.688][--------------------------------][scheduling-1][KurentoConfig.kmsDownCheck:38] INFO  ======================= kms rewind =========================
[2024-03-18 11:38:46.686][--------------------------------][scheduling-1][KurentoConfig.kmsDownCheck:38] INFO  ======================= kms rewind =========================
[2024-03-18 11:38:51.690][--------------------------------][scheduling-1][KurentoConfig.kmsDownCheck:38] INFO  ======================= kms rewind =========================
[2024-03-18 11:38:56.691][--------------------------------][scheduling-1][KurentoConfig.kmsDownCheck:38] INFO  ======================= kms rewind =========================
[2024-03-18 11:39:01.687][--------------------------------][scheduling-1][KurentoConfig.kmsDownCheck:38] INFO  ======================= kms rewind =========================
[2024-03-18 11:39:06.686][--------------------------------][scheduling-1][KurentoConfig.kmsDownCheck:38] INFO  ======================= kms rewind =========================
[2024-03-18 11:39:11.688][--------------------------------][scheduling-1][KurentoConfig.kmsDownCheck:38] INFO  ======================= kms rewind =========================
[2024-03-18 11:39:16.689][--------------------------------][scheduling-1][KurentoConfig.kmsDownCheck:38] INFO  ======================= kms rewind =========================
[2024-03-18 11:39:17.592][--------------------------------][http-nio-8081-exec-2][DirectJDKLog.log:175] ERROR Servlet.service() for servlet [dispatcherServlet] in context with path [] threw exception [Request processing failed: org.springframework.data.redis.RedisConnectionFailureException: Unable to connect to Redis] with root cause
io.lettuce.core.RedisCommandExecutionException: NOAUTH HELLO must be called with the client already authenticated, otherwise the HELLO <proto> AUTH <user> <pass> option can be used to authenticate the client and select the RESP protocol version at the same time
	at io.lettuce.core.internal.ExceptionFactory.createExecutionException(ExceptionFactory.java:147)
	at io.lettuce.core.internal.ExceptionFactory.createExecutionException(ExceptionFactory.java:116)
	at io.lettuce.core.protocol.AsyncCommand.completeResult(AsyncCommand.java:120)
	at io.lettuce.core.protocol.AsyncCommand.complete(AsyncCommand.java:111)
	at io.lettuce.core.protocol.CommandHandler.complete(CommandHandler.java:745)
	at io.lettuce.core.protocol.CommandHandler.decode(CommandHandler.java:680)
	at io.lettuce.core.protocol.CommandHandler.channelRead(CommandHandler.java:597)
	at io.netty.channel.AbstractChannelHandlerContext.invokeChannelRead(AbstractChannelHandlerContext.java:442)
	at io.netty.channel.AbstractChannelHandlerContext.invokeChannelRead(AbstractChannelHandlerContext.java:420)
	at io.netty.channel.AbstractChannelHandlerContext.fireChannelRead(AbstractChannelHandlerContext.java:412)
	at io.netty.channel.DefaultChannelPipeline$HeadContext.channelRead(DefaultChannelPipeline.java:1410)
	at io.netty.channel.AbstractChannelHandlerContext.invokeChannelRead(AbstractChannelHandlerContext.java:440)
	at io.netty.channel.AbstractChannelHandlerContext.invokeChannelRead(AbstractChannelHandlerContext.java:420)
	at io.netty.channel.DefaultChannelPipeline.fireChannelRead(DefaultChannelPipeline.java:919)
	at io.netty.channel.nio.AbstractNioByteChannel$NioByteUnsafe.read(AbstractNioByteChannel.java:166)
	at io.netty.channel.nio.NioEventLoop.processSelectedKey(NioEventLoop.java:788)
	at io.netty.channel.nio.NioEventLoop.processSelectedKeysOptimized(NioEventLoop.java:724)
	at io.netty.channel.nio.NioEventLoop.processSelectedKeys(NioEventLoop.java:650)
	at io.netty.channel.nio.NioEventLoop.run(NioEventLoop.java:562)
	at io.netty.util.concurrent.SingleThreadEventExecutor$4.run(SingleThreadEventExecutor.java:997)
	at io.netty.util.internal.ThreadExecutorMap$2.run(ThreadExecutorMap.java:74)
	at io.netty.util.concurrent.FastThreadLocalRunnable.run(FastThreadLocalRunnable.java:30)
	at java.base/java.lang.Thread.run(Thread.java:1583)
[2024-03-18 11:39:21.684][--------------------------------][scheduling-1][KurentoConfig.kmsDownCheck:38] INFO  ======================= kms rewind =========================
[2024-03-18 11:39:26.686][--------------------------------][scheduling-1][KurentoConfig.kmsDownCheck:38] INFO  ======================= kms rewind =========================
[2024-03-18 11:39:31.682][--------------------------------][scheduling-1][KurentoConfig.kmsDownCheck:38] INFO  ======================= kms rewind =========================
[2024-03-18 11:39:36.683][--------------------------------][scheduling-1][KurentoConfig.kmsDownCheck:38] INFO  ======================= kms rewind =========================
[2024-03-18 11:39:41.693][--------------------------------][scheduling-1][KurentoConfig.kmsDownCheck:38] INFO  ======================= kms rewind =========================
[2024-03-18 11:39:46.683][--------------------------------][scheduling-1][KurentoConfig.kmsDownCheck:38] INFO  ======================= kms rewind =========================
[2024-03-18 11:39:51.688][--------------------------------][scheduling-1][KurentoConfig.kmsDownCheck:38] INFO  ======================= kms rewind =========================
[2024-03-18 11:39:56.693][--------------------------------][scheduling-1][KurentoConfig.kmsDownCheck:38] INFO  ======================= kms rewind =========================
[2024-03-18 11:40:01.681][--------------------------------][scheduling-1][KurentoConfig.kmsDownCheck:38] INFO  ======================= kms rewind =========================
[2024-03-18 11:40:03.726][--------------------------------][http-nio-8081-exec-3][DirectJDKLog.log:175] ERROR Servlet.service() for servlet [dispatcherServlet] in context with path [] threw exception [Request processing failed: org.springframework.data.redis.RedisConnectionFailureException: Unable to connect to Redis] with root cause
io.lettuce.core.RedisCommandExecutionException: NOAUTH HELLO must be called with the client already authenticated, otherwise the HELLO <proto> AUTH <user> <pass> option can be used to authenticate the client and select the RESP protocol version at the same time
	at io.lettuce.core.internal.ExceptionFactory.createExecutionException(ExceptionFactory.java:147)
	at io.lettuce.core.internal.ExceptionFactory.createExecutionException(ExceptionFactory.java:116)
	at io.lettuce.core.protocol.AsyncCommand.completeResult(AsyncCommand.java:120)
	at io.lettuce.core.protocol.AsyncCommand.complete(AsyncCommand.java:111)
	at io.lettuce.core.protocol.CommandHandler.complete(CommandHandler.java:745)
	at io.lettuce.core.protocol.CommandHandler.decode(CommandHandler.java:680)
	at io.lettuce.core.protocol.CommandHandler.channelRead(CommandHandler.java:597)
	at io.netty.channel.AbstractChannelHandlerContext.invokeChannelRead(AbstractChannelHandlerContext.java:442)
	at io.netty.channel.AbstractChannelHandlerContext.invokeChannelRead(AbstractChannelHandlerContext.java:420)
	at io.netty.channel.AbstractChannelHandlerContext.fireChannelRead(AbstractChannelHandlerContext.java:412)
	at io.netty.channel.DefaultChannelPipeline$HeadContext.channelRead(DefaultChannelPipeline.java:1410)
	at io.netty.channel.AbstractChannelHandlerContext.invokeChannelRead(AbstractChannelHandlerContext.java:440)
	at io.netty.channel.AbstractChannelHandlerContext.invokeChannelRead(AbstractChannelHandlerContext.java:420)
	at io.netty.channel.DefaultChannelPipeline.fireChannelRead(DefaultChannelPipeline.java:919)
	at io.netty.channel.nio.AbstractNioByteChannel$NioByteUnsafe.read(AbstractNioByteChannel.java:166)
	at io.netty.channel.nio.NioEventLoop.processSelectedKey(NioEventLoop.java:788)
	at io.netty.channel.nio.NioEventLoop.processSelectedKeysOptimized(NioEventLoop.java:724)
	at io.netty.channel.nio.NioEventLoop.processSelectedKeys(NioEventLoop.java:650)
	at io.netty.channel.nio.NioEventLoop.run(NioEventLoop.java:562)
	at io.netty.util.concurrent.SingleThreadEventExecutor$4.run(SingleThreadEventExecutor.java:997)
	at io.netty.util.internal.ThreadExecutorMap$2.run(ThreadExecutorMap.java:74)
	at io.netty.util.concurrent.FastThreadLocalRunnable.run(FastThreadLocalRunnable.java:30)
	at java.base/java.lang.Thread.run(Thread.java:1583)
[2024-03-18 11:40:06.693][--------------------------------][scheduling-1][KurentoConfig.kmsDownCheck:38] INFO  ======================= kms rewind =========================
[2024-03-18 11:40:11.679][--------------------------------][scheduling-1][KurentoConfig.kmsDownCheck:38] INFO  ======================= kms rewind =========================
[2024-03-18 11:40:32.247][--------------------------------][restartedMain][StartupInfoLogger.logStarting:50] INFO  Starting RedisExample using Java 21.0.1 with PID 28252 (C:\Users\user\Desktop\study\spring-study\aop\build\classes\java\main started by user in C:\Users\user\Desktop\study\spring-study\aop)
[2024-03-18 11:40:32.250][--------------------------------][restartedMain][StartupInfoLogger.logStarting:51] DEBUG Running with Spring Boot v3.2.2, Spring v6.1.3
[2024-03-18 11:40:32.251][--------------------------------][restartedMain][SpringApplication.logStartupProfileInfo:654] INFO  No active profile set, falling back to 1 default profile: "default"
[2024-03-18 11:40:32.303][--------------------------------][restartedMain][DeferredLog.logTo:252] INFO  Devtools property defaults active! Set 'spring.devtools.add-properties' to 'false' to disable
[2024-03-18 11:40:32.303][--------------------------------][restartedMain][DeferredLog.logTo:252] INFO  For additional web related logging consider setting the 'logging.level.web' property to 'DEBUG'
[2024-03-18 11:40:33.591][--------------------------------][restartedMain][RepositoryConfigurationDelegate.multipleStoresDetected:292] INFO  Multiple Spring Data modules found, entering strict repository configuration mode
[2024-03-18 11:40:33.593][--------------------------------][restartedMain][RepositoryConfigurationDelegate.registerRepositoriesIn:139] INFO  Bootstrapping Spring Data Redis repositories in DEFAULT mode.
[2024-03-18 11:40:33.642][--------------------------------][restartedMain][RepositoryConfigurationDelegate.registerRepositoriesIn:208] INFO  Finished Spring Data repository scanning in 31 ms. Found 0 Redis repository interfaces.
[2024-03-18 11:40:34.551][--------------------------------][restartedMain][TomcatWebServer.initialize:109] INFO  Tomcat initialized with port 8081 (http)
[2024-03-18 11:40:34.559][--------------------------------][restartedMain][DirectJDKLog.log:173] INFO  Starting service [Tomcat]
[2024-03-18 11:40:34.559][--------------------------------][restartedMain][DirectJDKLog.log:173] INFO  Starting Servlet engine: [Apache Tomcat/10.1.18]
[2024-03-18 11:40:34.597][--------------------------------][restartedMain][DirectJDKLog.log:173] INFO  Initializing Spring embedded WebApplicationContext
[2024-03-18 11:40:34.598][--------------------------------][restartedMain][ServletWebServerApplicationContext.prepareWebApplicationContext:296] INFO  Root WebApplicationContext: initialization completed in 2295 ms
[2024-03-18 11:40:35.357][--------------------------------][restartedMain][WelcomePageHandlerMapping.<init>:59] INFO  Adding welcome page: class path resource [static/index.html]
[2024-03-18 11:40:35.899][--------------------------------][restartedMain][OptionalLiveReloadServer.startServer:59] INFO  LiveReload server is running on port 35729
[2024-03-18 11:40:35.916][--------------------------------][restartedMain][TomcatWebServer.start:241] INFO  Tomcat started on port 8081 (http) with context path ''
[2024-03-18 11:40:35.923][--------------------------------][restartedMain][StartupInfoLogger.logStarted:56] INFO  Started RedisExample in 4.615 seconds (process running for 5.329)
[2024-03-18 11:40:35.925][--------------------------------][scheduling-1][KurentoConfig.kmsDownCheck:38] INFO  ======================= kms rewind =========================
[2024-03-18 11:40:40.928][--------------------------------][scheduling-1][KurentoConfig.kmsDownCheck:38] INFO  ======================= kms rewind =========================
[2024-03-18 11:40:45.926][--------------------------------][scheduling-1][KurentoConfig.kmsDownCheck:38] INFO  ======================= kms rewind =========================
[2024-03-18 11:40:50.926][--------------------------------][scheduling-1][KurentoConfig.kmsDownCheck:38] INFO  ======================= kms rewind =========================
[2024-03-18 11:40:55.933][--------------------------------][scheduling-1][KurentoConfig.kmsDownCheck:38] INFO  ======================= kms rewind =========================
[2024-03-18 11:40:56.747][--------------------------------][http-nio-8081-exec-1][DirectJDKLog.log:173] INFO  Initializing Spring DispatcherServlet 'dispatcherServlet'
[2024-03-18 11:40:56.748][--------------------------------][http-nio-8081-exec-1][FrameworkServlet.initServletBean:532] INFO  Initializing Servlet 'dispatcherServlet'
[2024-03-18 11:40:56.749][--------------------------------][http-nio-8081-exec-1][FrameworkServlet.initServletBean:554] INFO  Completed initialization in 0 ms
[2024-03-18 11:40:56.950][--------------------------------][http-nio-8081-exec-1][DirectJDKLog.log:175] ERROR Servlet.service() for servlet [dispatcherServlet] in context with path [] threw exception [Request processing failed: org.springframework.data.redis.RedisConnectionFailureException: Unable to connect to Redis] with root cause
io.lettuce.core.RedisCommandExecutionException: NOAUTH HELLO must be called with the client already authenticated, otherwise the HELLO <proto> AUTH <user> <pass> option can be used to authenticate the client and select the RESP protocol version at the same time
	at io.lettuce.core.internal.ExceptionFactory.createExecutionException(ExceptionFactory.java:147)
	at io.lettuce.core.internal.ExceptionFactory.createExecutionException(ExceptionFactory.java:116)
	at io.lettuce.core.protocol.AsyncCommand.completeResult(AsyncCommand.java:120)
	at io.lettuce.core.protocol.AsyncCommand.complete(AsyncCommand.java:111)
	at io.lettuce.core.protocol.CommandHandler.complete(CommandHandler.java:745)
	at io.lettuce.core.protocol.CommandHandler.decode(CommandHandler.java:680)
	at io.lettuce.core.protocol.CommandHandler.channelRead(CommandHandler.java:597)
	at io.netty.channel.AbstractChannelHandlerContext.invokeChannelRead(AbstractChannelHandlerContext.java:442)
	at io.netty.channel.AbstractChannelHandlerContext.invokeChannelRead(AbstractChannelHandlerContext.java:420)
	at io.netty.channel.AbstractChannelHandlerContext.fireChannelRead(AbstractChannelHandlerContext.java:412)
	at io.netty.channel.DefaultChannelPipeline$HeadContext.channelRead(DefaultChannelPipeline.java:1410)
	at io.netty.channel.AbstractChannelHandlerContext.invokeChannelRead(AbstractChannelHandlerContext.java:440)
	at io.netty.channel.AbstractChannelHandlerContext.invokeChannelRead(AbstractChannelHandlerContext.java:420)
	at io.netty.channel.DefaultChannelPipeline.fireChannelRead(DefaultChannelPipeline.java:919)
	at io.netty.channel.nio.AbstractNioByteChannel$NioByteUnsafe.read(AbstractNioByteChannel.java:166)
	at io.netty.channel.nio.NioEventLoop.processSelectedKey(NioEventLoop.java:788)
	at io.netty.channel.nio.NioEventLoop.processSelectedKeysOptimized(NioEventLoop.java:724)
	at io.netty.channel.nio.NioEventLoop.processSelectedKeys(NioEventLoop.java:650)
	at io.netty.channel.nio.NioEventLoop.run(NioEventLoop.java:562)
	at io.netty.util.concurrent.SingleThreadEventExecutor$4.run(SingleThreadEventExecutor.java:997)
	at io.netty.util.internal.ThreadExecutorMap$2.run(ThreadExecutorMap.java:74)
	at io.netty.util.concurrent.FastThreadLocalRunnable.run(FastThreadLocalRunnable.java:30)
	at java.base/java.lang.Thread.run(Thread.java:1583)
[2024-03-18 11:41:00.935][--------------------------------][scheduling-1][KurentoConfig.kmsDownCheck:38] INFO  ======================= kms rewind =========================
[2024-03-18 11:41:05.922][--------------------------------][scheduling-1][KurentoConfig.kmsDownCheck:38] INFO  ======================= kms rewind =========================
[2024-03-18 11:41:10.928][--------------------------------][scheduling-1][KurentoConfig.kmsDownCheck:38] INFO  ======================= kms rewind =========================
[2024-03-18 11:41:15.931][--------------------------------][scheduling-1][KurentoConfig.kmsDownCheck:38] INFO  ======================= kms rewind =========================
[2024-03-18 11:41:20.923][--------------------------------][scheduling-1][KurentoConfig.kmsDownCheck:38] INFO  ======================= kms rewind =========================
[2024-03-18 11:41:25.932][--------------------------------][scheduling-1][KurentoConfig.kmsDownCheck:38] INFO  ======================= kms rewind =========================
[2024-03-18 11:41:30.923][--------------------------------][scheduling-1][KurentoConfig.kmsDownCheck:38] INFO  ======================= kms rewind =========================
[2024-03-18 11:41:35.924][--------------------------------][scheduling-1][KurentoConfig.kmsDownCheck:38] INFO  ======================= kms rewind =========================
[2024-03-18 11:41:40.922][--------------------------------][scheduling-1][KurentoConfig.kmsDownCheck:38] INFO  ======================= kms rewind =========================
[2024-03-18 11:41:45.922][--------------------------------][scheduling-1][KurentoConfig.kmsDownCheck:38] INFO  ======================= kms rewind =========================
[2024-03-18 11:41:50.928][--------------------------------][scheduling-1][KurentoConfig.kmsDownCheck:38] INFO  ======================= kms rewind =========================
[2024-03-18 11:41:52.581][--------------------------------][http-nio-8081-exec-3][RedisController.cache:29] INFO  product1.getName() : Sample Product
[2024-03-18 11:41:52.586][--------------------------------][http-nio-8081-exec-3][RedisController.cache:35] INFO  product2.getName() : Sample Product
[2024-03-18 11:41:55.931][--------------------------------][scheduling-1][KurentoConfig.kmsDownCheck:38] INFO  ======================= kms rewind =========================
[2024-03-18 11:42:00.923][--------------------------------][scheduling-1][KurentoConfig.kmsDownCheck:38] INFO  ======================= kms rewind =========================
[2024-03-18 11:42:40.629][--------------------------------][main][StartupInfoLogger.logStarting:50] INFO  Starting ProductServiceTest using Java 21.0.1 with PID 15724 (started by user in C:\Users\user\Desktop\study\spring-study\aop)
[2024-03-18 11:42:40.631][--------------------------------][main][StartupInfoLogger.logStarting:51] DEBUG Running with Spring Boot v3.2.2, Spring v6.1.3
[2024-03-18 11:42:40.632][--------------------------------][main][SpringApplication.logStartupProfileInfo:654] INFO  No active profile set, falling back to 1 default profile: "default"
[2024-03-18 11:42:41.254][--------------------------------][main][RepositoryConfigurationDelegate.multipleStoresDetected:292] INFO  Multiple Spring Data modules found, entering strict repository configuration mode
[2024-03-18 11:42:41.258][--------------------------------][main][RepositoryConfigurationDelegate.registerRepositoriesIn:139] INFO  Bootstrapping Spring Data Redis repositories in DEFAULT mode.
[2024-03-18 11:42:41.285][--------------------------------][main][RepositoryConfigurationDelegate.registerRepositoriesIn:208] INFO  Finished Spring Data repository scanning in 11 ms. Found 0 Redis repository interfaces.
[2024-03-18 11:42:42.308][--------------------------------][main][WelcomePageHandlerMapping.<init>:59] INFO  Adding welcome page: class path resource [static/index.html]
[2024-03-18 11:42:42.778][--------------------------------][main][StartupInfoLogger.logStarted:56] INFO  Started ProductServiceTest in 2.487 seconds (process running for 3.289)
[2024-03-18 11:45:31.804][--------------------------------][main][StartupInfoLogger.logStarting:50] INFO  Starting ProductServiceTest using Java 21.0.1 with PID 15972 (started by user in C:\Users\user\Desktop\study\spring-study\aop)
[2024-03-18 11:45:31.807][--------------------------------][main][StartupInfoLogger.logStarting:51] DEBUG Running with Spring Boot v3.2.2, Spring v6.1.3
[2024-03-18 11:45:31.809][--------------------------------][main][SpringApplication.logStartupProfileInfo:654] INFO  No active profile set, falling back to 1 default profile: "default"
[2024-03-18 11:45:32.691][--------------------------------][main][RepositoryConfigurationDelegate.multipleStoresDetected:292] INFO  Multiple Spring Data modules found, entering strict repository configuration mode
[2024-03-18 11:45:32.693][--------------------------------][main][RepositoryConfigurationDelegate.registerRepositoriesIn:139] INFO  Bootstrapping Spring Data Redis repositories in DEFAULT mode.
[2024-03-18 11:45:32.732][--------------------------------][main][RepositoryConfigurationDelegate.registerRepositoriesIn:208] INFO  Finished Spring Data repository scanning in 18 ms. Found 0 Redis repository interfaces.
[2024-03-18 11:45:33.803][--------------------------------][main][WelcomePageHandlerMapping.<init>:59] INFO  Adding welcome page: class path resource [static/index.html]
[2024-03-18 11:45:34.294][--------------------------------][main][StartupInfoLogger.logStarted:56] INFO  Started ProductServiceTest in 2.995 seconds (process running for 4.945)
[2024-03-18 11:45:35.347][--------------------------------][main][ProductService.getProductById:18] INFO  dadf
[2024-03-18 11:46:23.339][--------------------------------][main][StartupInfoLogger.logStarting:50] INFO  Starting ProductServiceTest using Java 21.0.1 with PID 28452 (started by user in C:\Users\user\Desktop\study\spring-study\aop)
[2024-03-18 11:46:23.341][--------------------------------][main][StartupInfoLogger.logStarting:51] DEBUG Running with Spring Boot v3.2.2, Spring v6.1.3
[2024-03-18 11:46:23.342][--------------------------------][main][SpringApplication.logStartupProfileInfo:654] INFO  No active profile set, falling back to 1 default profile: "default"
[2024-03-18 11:46:23.973][--------------------------------][main][RepositoryConfigurationDelegate.multipleStoresDetected:292] INFO  Multiple Spring Data modules found, entering strict repository configuration mode
[2024-03-18 11:46:23.977][--------------------------------][main][RepositoryConfigurationDelegate.registerRepositoriesIn:139] INFO  Bootstrapping Spring Data Redis repositories in DEFAULT mode.
[2024-03-18 11:46:24.011][--------------------------------][main][RepositoryConfigurationDelegate.registerRepositoriesIn:208] INFO  Finished Spring Data repository scanning in 16 ms. Found 0 Redis repository interfaces.
[2024-03-18 11:46:24.909][--------------------------------][main][WelcomePageHandlerMapping.<init>:59] INFO  Adding welcome page: class path resource [static/index.html]
[2024-03-18 11:46:25.369][--------------------------------][main][StartupInfoLogger.logStarted:56] INFO  Started ProductServiceTest in 2.342 seconds (process running for 3.284)
[2024-03-18 11:46:26.409][--------------------------------][main][ProductService.getProductById:18] INFO  dadf
[2024-03-18 11:46:35.747][--------------------------------][main][StartupInfoLogger.logStarting:50] INFO  Starting ProductServiceTest using Java 21.0.1 with PID 23920 (started by user in C:\Users\user\Desktop\study\spring-study\aop)
[2024-03-18 11:46:35.750][--------------------------------][main][StartupInfoLogger.logStarting:51] DEBUG Running with Spring Boot v3.2.2, Spring v6.1.3
[2024-03-18 11:46:35.751][--------------------------------][main][SpringApplication.logStartupProfileInfo:654] INFO  No active profile set, falling back to 1 default profile: "default"
[2024-03-18 11:46:36.359][--------------------------------][main][RepositoryConfigurationDelegate.multipleStoresDetected:292] INFO  Multiple Spring Data modules found, entering strict repository configuration mode
[2024-03-18 11:46:36.362][--------------------------------][main][RepositoryConfigurationDelegate.registerRepositoriesIn:139] INFO  Bootstrapping Spring Data Redis repositories in DEFAULT mode.
[2024-03-18 11:46:36.403][--------------------------------][main][RepositoryConfigurationDelegate.registerRepositoriesIn:208] INFO  Finished Spring Data repository scanning in 16 ms. Found 0 Redis repository interfaces.
[2024-03-18 11:46:37.265][--------------------------------][main][WelcomePageHandlerMapping.<init>:59] INFO  Adding welcome page: class path resource [static/index.html]
[2024-03-18 11:46:37.701][--------------------------------][main][StartupInfoLogger.logStarted:56] INFO  Started ProductServiceTest in 2.259 seconds (process running for 3.038)
[2024-03-18 11:46:38.582][--------------------------------][main][ProductService.getProductById:18] INFO  dadf
[2024-03-18 11:46:38.590][--------------------------------][main][ProductService.getProductById:18] INFO  dadf
